# JRE version: OpenJDK Runtime Environment (8.0_242-b01) (build 1.8.0_242-release-1644-b01)
# Java VM: OpenJDK 64-Bit Server VM (25.242-b01 mixed mode windows-amd64 compressed oops)
Heap:
 PSYoungGen      total 379392K, used 320528K [0x00000000d5580000, 0x00000000eec00000, 0x0000000100000000)
  eden space 346112K, 89% used [0x00000000d5580000,0x00000000e8390610,0x00000000ea780000)
  from space 33280K, 33% used [0x00000000ea780000,0x00000000eb273bd0,0x00000000ec800000)
  to   space 24064K, 0% used [0x00000000ec800000,0x00000000ec800000,0x00000000edf80000)
 ParOldGen       total 97280K, used 62283K [0x0000000080000000, 0x0000000085f00000, 0x00000000d5580000)
  object space 97280K, 64% used [0x0000000080000000,0x0000000083cd2ff8,0x0000000085f00000)
 Metaspace       used 83595K, capacity 87706K, committed 87960K, reserved 1126400K
  class space    used 10803K, capacity 11578K, committed 11696K, reserved 1048576K
GC Heap History (10 events):
Event: 8.873 GC heap before
{Heap before GC invocations=14 (full 2):
 PSYoungGen      total 207872K, used 33217K [0x00000000d5580000, 0x00000000e8100000, 0x0000000100000000)
  eden space 194560K, 10% used [0x00000000d5580000,0x00000000d68f16b8,0x00000000e1380000)
  from space 13312K, 99% used [0x00000000e1380000,0x00000000e207f020,0x00000000e2080000)
  to   space 20992K, 0% used [0x00000000e6c80000,0x00000000e6c80000,0x00000000e8100000)
 ParOldGen       total 65024K, used 33923K [0x0000000080000000, 0x0000000083f80000, 0x00000000d5580000)
  object space 65024K, 52% used [0x0000000080000000,0x0000000082120f50,0x0000000083f80000)
 Metaspace       used 56849K, capacity 59062K, committed 59160K, reserved 1099776K
  class space    used 7705K, capacity 8190K, committed 8240K, reserved 1048576K
Event: 8.890 GC heap after
Heap after GC invocations=14 (full 2):
 PSYoungGen      total 285696K, used 2670K [0x00000000d5580000, 0x00000000e8a00000, 0x0000000100000000)
  eden space 264704K, 0% used [0x00000000d5580000,0x00000000d5580000,0x00000000e5800000)
  from space 20992K, 12% used [0x00000000e6c80000,0x00000000e6f1bbe8,0x00000000e8100000)
  to   space 20992K, 0% used [0x00000000e5800000,0x00000000e5800000,0x00000000e6c80000)
 ParOldGen       total 65024K, used 45271K [0x0000000080000000, 0x0000000083f80000, 0x00000000d5580000)
  object space 65024K, 69% used [0x0000000080000000,0x0000000082c35ca0,0x0000000083f80000)
 Metaspace       used 56849K, capacity 59062K, committed 59160K, reserved 1099776K
  class space    used 7705K, capacity 8190K, committed 8240K, reserved 1048576K
}
Event: 8.890 GC heap before
{Heap before GC invocations=15 (full 3):
 PSYoungGen      total 285696K, used 2670K [0x00000000d5580000, 0x00000000e8a00000, 0x0000000100000000)
  eden space 264704K, 0% used [0x00000000d5580000,0x00000000d5580000,0x00000000e5800000)
  from space 20992K, 12% used [0x00000000e6c80000,0x00000000e6f1bbe8,0x00000000e8100000)
  to   space 20992K, 0% used [0x00000000e5800000,0x00000000e5800000,0x00000000e6c80000)
 ParOldGen       total 65024K, used 45271K [0x0000000080000000, 0x0000000083f80000, 0x00000000d5580000)
  object space 65024K, 69% used [0x0000000080000000,0x0000000082c35ca0,0x0000000083f80000)
 Metaspace       used 56849K, capacity 59062K, committed 59160K, reserved 1099776K
  class space    used 7705K, capacity 8190K, committed 8240K, reserved 1048576K
Event: 9.122 GC heap after
Heap after GC invocations=15 (full 3):
 PSYoungGen      total 285696K, used 0K [0x00000000d5580000, 0x00000000e8a00000, 0x0000000100000000)
  eden space 264704K, 0% used [0x00000000d5580000,0x00000000d5580000,0x00000000e5800000)
  from space 20992K, 0% used [0x00000000e6c80000,0x00000000e6c80000,0x00000000e8100000)
  to   space 20992K, 0% used [0x00000000e5800000,0x00000000e5800000,0x00000000e6c80000)
 ParOldGen       total 97280K, used 32841K [0x0000000080000000, 0x0000000085f00000, 0x00000000d5580000)
  object space 97280K, 33% used [0x0000000080000000,0x00000000820125b0,0x0000000085f00000)
 Metaspace       used 56838K, capacity 59026K, committed 59160K, reserved 1099776K
  class space    used 7702K, capacity 8184K, committed 8240K, reserved 1048576K
}
Event: 19.113 GC heap before
{Heap before GC invocations=16 (full 3):
 PSYoungGen      total 285696K, used 264704K [0x00000000d5580000, 0x00000000e8a00000, 0x0000000100000000)
  eden space 264704K, 100% used [0x00000000d5580000,0x00000000e5800000,0x00000000e5800000)
  from space 20992K, 0% used [0x00000000e6c80000,0x00000000e6c80000,0x00000000e8100000)
  to   space 20992K, 0% used [0x00000000e5800000,0x00000000e5800000,0x00000000e6c80000)
 ParOldGen       total 97280K, used 32841K [0x0000000080000000, 0x0000000085f00000, 0x00000000d5580000)
  object space 97280K, 33% used [0x0000000080000000,0x00000000820125b0,0x0000000085f00000)
 Metaspace       used 67004K, capacity 69972K, committed 70168K, reserved 1110016K
  class space    used 8886K, capacity 9465K, committed 9520K, reserved 1048576K
Event: 19.140 GC heap after
Heap after GC invocations=16 (full 3):
 PSYoungGen      total 285696K, used 19820K [0x00000000d5580000, 0x00000000edf80000, 0x0000000100000000)
  eden space 264704K, 0% used [0x00000000d5580000,0x00000000d5580000,0x00000000e5800000)
  from space 20992K, 94% used [0x00000000e5800000,0x00000000e6b5b030,0x00000000e6c80000)
  to   space 24064K, 0% used [0x00000000ec800000,0x00000000ec800000,0x00000000edf80000)
 ParOldGen       total 97280K, used 32849K [0x0000000080000000, 0x0000000085f00000, 0x00000000d5580000)
  object space 97280K, 33% used [0x0000000080000000,0x00000000820145b0,0x0000000085f00000)
 Metaspace       used 67004K, capacity 69972K, committed 70168K, reserved 1110016K
  class space    used 8886K, capacity 9465K, committed 9520K, reserved 1048576K
}
Event: 21.205 GC heap before
{Heap before GC invocations=17 (full 3):
 PSYoungGen      total 285696K, used 284524K [0x00000000d5580000, 0x00000000edf80000, 0x0000000100000000)
  eden space 264704K, 100% used [0x00000000d5580000,0x00000000e5800000,0x00000000e5800000)
  from space 20992K, 94% used [0x00000000e5800000,0x00000000e6b5b030,0x00000000e6c80000)
  to   space 24064K, 0% used [0x00000000ec800000,0x00000000ec800000,0x00000000edf80000)
 ParOldGen       total 97280K, used 32849K [0x0000000080000000, 0x0000000085f00000, 0x00000000d5580000)
  object space 97280K, 33% used [0x0000000080000000,0x00000000820145b0,0x0000000085f00000)
 Metaspace       used 73256K, capacity 76464K, committed 76568K, reserved 1116160K
  class space    used 9662K, capacity 10261K, committed 10288K, reserved 1048576K
Event: 21.265 GC heap after
Heap after GC invocations=17 (full 3):
 PSYoungGen      total 370176K, used 24052K [0x00000000d5580000, 0x00000000eec00000, 0x0000000100000000)
  eden space 346112K, 0% used [0x00000000d5580000,0x00000000d5580000,0x00000000ea780000)
  from space 24064K, 99% used [0x00000000ec800000,0x00000000edf7d030,0x00000000edf80000)
  to   space 33280K, 0% used [0x00000000ea780000,0x00000000ea780000,0x00000000ec800000)
 ParOldGen       total 97280K, used 47786K [0x0000000080000000, 0x0000000085f00000, 0x00000000d5580000)
  object space 97280K, 49% used [0x0000000080000000,0x0000000082eaa998,0x0000000085f00000)
 Metaspace       used 73256K, capacity 76464K, committed 76568K, reserved 1116160K
  class space    used 9662K, capacity 10261K, committed 10288K, reserved 1048576K
}
Event: 26.919 GC heap before
{Heap before GC invocations=18 (full 3):
 PSYoungGen      total 370176K, used 370164K [0x00000000d5580000, 0x00000000eec00000, 0x0000000100000000)
  eden space 346112K, 100% used [0x00000000d5580000,0x00000000ea780000,0x00000000ea780000)
  from space 24064K, 99% used [0x00000000ec800000,0x00000000edf7d030,0x00000000edf80000)
  to   space 33280K, 0% used [0x00000000ea780000,0x00000000ea780000,0x00000000ec800000)
 ParOldGen       total 97280K, used 47786K [0x0000000080000000, 0x0000000085f00000, 0x00000000d5580000)
  object space 97280K, 49% used [0x0000000080000000,0x0000000082eaa998,0x0000000085f00000)
 Metaspace       used 75600K, capacity 79036K, committed 79128K, reserved 1118208K
  class space    used 9884K, capacity 10533K, committed 10544K, reserved 1048576K
Event: 26.950 GC heap after
Heap after GC invocations=18 (full 3):
 PSYoungGen      total 379392K, used 11214K [0x00000000d5580000, 0x00000000eec00000, 0x0000000100000000)
  eden space 346112K, 0% used [0x00000000d5580000,0x00000000d5580000,0x00000000ea780000)
  from space 33280K, 33% used [0x00000000ea780000,0x00000000eb273bd0,0x00000000ec800000)
  to   space 24064K, 0% used [0x00000000ec800000,0x00000000ec800000,0x00000000edf80000)
 ParOldGen       total 97280K, used 62283K [0x0000000080000000, 0x0000000085f00000, 0x00000000d5580000)
  object space 97280K, 64% used [0x0000000080000000,0x0000000083cd2ff8,0x0000000085f00000)
 Metaspace       used 75600K, capacity 79036K, committed 79128K, reserved 1118208K
  class space    used 9884K, capacity 10533K, committed 10544K, reserved 1048576K
}

