# JRE version: OpenJDK Runtime Environment (8.0_242-b01) (build 1.8.0_242-release-1644-b01)
# Java VM: OpenJDK 64-Bit Server VM (25.242-b01 mixed mode windows-amd64 compressed oops)
Heap:
 PSYoungGen      total 588800K, used 417421K [0x00000000d5580000, 0x00000000fff80000, 0x0000000100000000)
  eden space 541696K, 72% used [0x00000000d5580000,0x00000000ed60ead0,0x00000000f6680000)
  from space 47104K, 50% used [0x00000000f6680000,0x00000000f7d94af0,0x00000000f9480000)
  to   space 46080K, 0% used [0x00000000fd280000,0x00000000fd280000,0x00000000fff80000)
 ParOldGen       total 194048K, used 90782K [0x0000000080000000, 0x000000008bd80000, 0x00000000d5580000)
  object space 194048K, 46% used [0x0000000080000000,0x00000000858a7a48,0x000000008bd80000)
 Metaspace       used 82151K, capacity 86266K, committed 87192K, reserved 1124352K
  class space    used 11088K, capacity 11864K, committed 12200K, reserved 1048576K
GC Heap History (10 events):
Event: 22.461 GC heap before
{Heap before GC invocations=21 (full 3):
 PSYoungGen      total 430592K, used 424225K [0x00000000d5580000, 0x00000000f7180000, 0x0000000100000000)
  eden space 388096K, 100% used [0x00000000d5580000,0x00000000ed080000,0x00000000ed080000)
  from space 42496K, 85% used [0x00000000ed080000,0x00000000ef3c85a0,0x00000000efa00000)
  to   space 47104K, 0% used [0x00000000f4380000,0x00000000f4380000,0x00000000f7180000)
 ParOldGen       total 105472K, used 75722K [0x0000000080000000, 0x0000000086700000, 0x00000000d5580000)
  object space 105472K, 71% used [0x0000000080000000,0x00000000849f29f8,0x0000000086700000)
 Metaspace       used 82203K, capacity 86696K, committed 86936K, reserved 1124352K
  class space    used 11202K, capacity 12077K, committed 12200K, reserved 1048576K
Event: 22.541 GC heap after
Heap after GC invocations=21 (full 3):
 PSYoungGen      total 500736K, used 39157K [0x00000000d5580000, 0x00000000f7f80000, 0x0000000100000000)
  eden space 453632K, 0% used [0x00000000d5580000,0x00000000d5580000,0x00000000f1080000)
  from space 47104K, 83% used [0x00000000f4380000,0x00000000f69bd4c0,0x00000000f7180000)
  to   space 52224K, 0% used [0x00000000f1080000,0x00000000f1080000,0x00000000f4380000)
 ParOldGen       total 105472K, used 75722K [0x0000000080000000, 0x0000000086700000, 0x00000000d5580000)
  object space 105472K, 71% used [0x0000000080000000,0x00000000849f29f8,0x0000000086700000)
 Metaspace       used 82203K, capacity 86696K, committed 86936K, reserved 1124352K
  class space    used 11202K, capacity 12077K, committed 12200K, reserved 1048576K
}
Event: 24.172 GC heap before
{Heap before GC invocations=22 (full 3):
 PSYoungGen      total 500736K, used 492789K [0x00000000d5580000, 0x00000000f7f80000, 0x0000000100000000)
  eden space 453632K, 100% used [0x00000000d5580000,0x00000000f1080000,0x00000000f1080000)
  from space 47104K, 83% used [0x00000000f4380000,0x00000000f69bd4c0,0x00000000f7180000)
  to   space 52224K, 0% used [0x00000000f1080000,0x00000000f1080000,0x00000000f4380000)
 ParOldGen       total 105472K, used 75722K [0x0000000080000000, 0x0000000086700000, 0x00000000d5580000)
  object space 105472K, 71% used [0x0000000080000000,0x00000000849f29f8,0x0000000086700000)
 Metaspace       used 82412K, capacity 86896K, committed 87192K, reserved 1124352K
  class space    used 11205K, capacity 12079K, committed 12200K, reserved 1048576K
Event: 24.241 GC heap after
Heap after GC invocations=22 (full 3):
 PSYoungGen      total 505856K, used 18610K [0x00000000d5580000, 0x00000000fc600000, 0x0000000100000000)
  eden space 453632K, 0% used [0x00000000d5580000,0x00000000d5580000,0x00000000f1080000)
  from space 52224K, 35% used [0x00000000f1080000,0x00000000f22acbe0,0x00000000f4380000)
  to   space 49152K, 0% used [0x00000000f9600000,0x00000000f9600000,0x00000000fc600000)
 ParOldGen       total 105472K, used 93323K [0x0000000080000000, 0x0000000086700000, 0x00000000d5580000)
  object space 105472K, 88% used [0x0000000080000000,0x0000000085b22d68,0x0000000086700000)
 Metaspace       used 82412K, capacity 86896K, committed 87192K, reserved 1124352K
  class space    used 11205K, capacity 12079K, committed 12200K, reserved 1048576K
}
Event: 24.241 GC heap before
{Heap before GC invocations=23 (full 4):
 PSYoungGen      total 505856K, used 18610K [0x00000000d5580000, 0x00000000fc600000, 0x0000000100000000)
  eden space 453632K, 0% used [0x00000000d5580000,0x00000000d5580000,0x00000000f1080000)
  from space 52224K, 35% used [0x00000000f1080000,0x00000000f22acbe0,0x00000000f4380000)
  to   space 49152K, 0% used [0x00000000f9600000,0x00000000f9600000,0x00000000fc600000)
 ParOldGen       total 105472K, used 93323K [0x0000000080000000, 0x0000000086700000, 0x00000000d5580000)
  object space 105472K, 88% used [0x0000000080000000,0x0000000085b22d68,0x0000000086700000)
 Metaspace       used 82412K, capacity 86896K, committed 87192K, reserved 1124352K
  class space    used 11205K, capacity 12079K, committed 12200K, reserved 1048576K
Event: 24.573 GC heap after
Heap after GC invocations=23 (full 4):
 PSYoungGen      total 505856K, used 0K [0x00000000d5580000, 0x00000000fc600000, 0x0000000100000000)
  eden space 453632K, 0% used [0x00000000d5580000,0x00000000d5580000,0x00000000f1080000)
  from space 52224K, 0% used [0x00000000f1080000,0x00000000f1080000,0x00000000f4380000)
  to   space 49152K, 0% used [0x00000000f9600000,0x00000000f9600000,0x00000000fc600000)
 ParOldGen       total 194048K, used 90782K [0x0000000080000000, 0x000000008bd80000, 0x00000000d5580000)
  object space 194048K, 46% used [0x0000000080000000,0x00000000858a7a48,0x000000008bd80000)
 Metaspace       used 82071K, capacity 86122K, committed 87192K, reserved 1124352K
  class space    used 11083K, capacity 11860K, committed 12200K, reserved 1048576K
}
Event: 26.081 GC heap before
{Heap before GC invocations=24 (full 4):
 PSYoungGen      total 505856K, used 453632K [0x00000000d5580000, 0x00000000fc600000, 0x0000000100000000)
  eden space 453632K, 100% used [0x00000000d5580000,0x00000000f1080000,0x00000000f1080000)
  from space 52224K, 0% used [0x00000000f1080000,0x00000000f1080000,0x00000000f4380000)
  to   space 49152K, 0% used [0x00000000f9600000,0x00000000f9600000,0x00000000fc600000)
 ParOldGen       total 194048K, used 90782K [0x0000000080000000, 0x000000008bd80000, 0x00000000d5580000)
  object space 194048K, 46% used [0x0000000080000000,0x00000000858a7a48,0x000000008bd80000)
 Metaspace       used 82077K, capacity 86148K, committed 87192K, reserved 1124352K
  class space    used 11083K, capacity 11861K, committed 12200K, reserved 1048576K
Event: 26.121 GC heap after
Heap after GC invocations=24 (full 4):
 PSYoungGen      total 587264K, used 14435K [0x00000000d5580000, 0x00000000fc280000, 0x0000000100000000)
  eden space 541696K, 0% used [0x00000000d5580000,0x00000000d5580000,0x00000000f6680000)
  from space 45568K, 31% used [0x00000000f9600000,0x00000000fa418f90,0x00000000fc280000)
  to   space 47104K, 0% used [0x00000000f6680000,0x00000000f6680000,0x00000000f9480000)
 ParOldGen       total 194048K, used 90782K [0x0000000080000000, 0x000000008bd80000, 0x00000000d5580000)
  object space 194048K, 46% used [0x0000000080000000,0x00000000858a7a48,0x000000008bd80000)
 Metaspace       used 82077K, capacity 86148K, committed 87192K, reserved 1124352K
  class space    used 11083K, capacity 11861K, committed 12200K, reserved 1048576K
}
Event: 27.931 GC heap before
{Heap before GC invocations=25 (full 4):
 PSYoungGen      total 587264K, used 556131K [0x00000000d5580000, 0x00000000fc280000, 0x0000000100000000)
  eden space 541696K, 100% used [0x00000000d5580000,0x00000000f6680000,0x00000000f6680000)
  from space 45568K, 31% used [0x00000000f9600000,0x00000000fa418f90,0x00000000fc280000)
  to   space 47104K, 0% used [0x00000000f6680000,0x00000000f6680000,0x00000000f9480000)
 ParOldGen       total 194048K, used 90782K [0x0000000080000000, 0x000000008bd80000, 0x00000000d5580000)
  object space 194048K, 46% used [0x0000000080000000,0x00000000858a7a48,0x000000008bd80000)
 Metaspace       used 82115K, capacity 86192K, committed 87192K, reserved 1124352K
  class space    used 11085K, capacity 11863K, committed 12200K, reserved 1048576K
Event: 27.988 GC heap after
Heap after GC invocations=25 (full 4):
 PSYoungGen      total 588800K, used 23634K [0x00000000d5580000, 0x00000000fff80000, 0x0000000100000000)
  eden space 541696K, 0% used [0x00000000d5580000,0x00000000d5580000,0x00000000f6680000)
  from space 47104K, 50% used [0x00000000f6680000,0x00000000f7d94af0,0x00000000f9480000)
  to   space 46080K, 0% used [0x00000000fd280000,0x00000000fd280000,0x00000000fff80000)
 ParOldGen       total 194048K, used 90782K [0x0000000080000000, 0x000000008bd80000, 0x00000000d5580000)
  object space 194048K, 46% used [0x0000000080000000,0x00000000858a7a48,0x000000008bd80000)
 Metaspace       used 82115K, capacity 86192K, committed 87192K, reserved 1124352K
  class space    used 11085K, capacity 11863K, committed 12200K, reserved 1048576K
}

