# JRE version: OpenJDK Runtime Environment (8.0_242-b01) (build 1.8.0_242-release-1644-b01)
# Java VM: OpenJDK 64-Bit Server VM (25.242-b01 mixed mode windows-amd64 compressed oops)
Heap:
 PSYoungGen      total 461312K, used 239040K [0x00000000d5580000, 0x00000000f4900000, 0x0000000100000000)
  eden space 415744K, 54% used [0x00000000d5580000,0x00000000e334ccd8,0x00000000eeb80000)
  from space 45568K, 26% used [0x00000000eeb80000,0x00000000ef7235b0,0x00000000f1800000)
  to   space 40448K, 0% used [0x00000000f1800000,0x00000000f1800000,0x00000000f3f80000)
 ParOldGen       total 197120K, used 134788K [0x0000000080000000, 0x000000008c080000, 0x00000000d5580000)
  object space 197120K, 68% used [0x0000000080000000,0x00000000883a13a8,0x000000008c080000)
 Metaspace       used 88234K, capacity 92402K, committed 92568K, reserved 1128448K
  class space    used 11821K, capacity 12654K, committed 12704K, reserved 1048576K
GC Heap History (10 events):
Event: 24.083 GC heap before
{Heap before GC invocations=19 (full 4):
 PSYoungGen      total 358912K, used 24063K [0x00000000d5580000, 0x00000000f3f80000, 0x0000000100000000)
  eden space 334848K, 0% used [0x00000000d5580000,0x00000000d5580000,0x00000000e9c80000)
  from space 24064K, 99% used [0x00000000e9c80000,0x00000000eb3ffcb0,0x00000000eb400000)
  to   space 40448K, 0% used [0x00000000f1800000,0x00000000f1800000,0x00000000f3f80000)
 ParOldGen       total 99840K, used 82487K [0x0000000080000000, 0x0000000086180000, 0x00000000d5580000)
  object space 99840K, 82% used [0x0000000080000000,0x000000008508def8,0x0000000086180000)
 Metaspace       used 81448K, capacity 85230K, committed 85400K, reserved 1122304K
  class space    used 10926K, capacity 11608K, committed 11680K, reserved 1048576K
Event: 24.501 GC heap after
Heap after GC invocations=19 (full 4):
 PSYoungGen      total 358912K, used 0K [0x00000000d5580000, 0x00000000f3f80000, 0x0000000100000000)
  eden space 334848K, 0% used [0x00000000d5580000,0x00000000d5580000,0x00000000e9c80000)
  from space 24064K, 0% used [0x00000000e9c80000,0x00000000e9c80000,0x00000000eb400000)
  to   space 40448K, 0% used [0x00000000f1800000,0x00000000f1800000,0x00000000f3f80000)
 ParOldGen       total 197120K, used 99284K [0x0000000080000000, 0x000000008c080000, 0x00000000d5580000)
  object space 197120K, 50% used [0x0000000080000000,0x00000000860f5040,0x000000008c080000)
 Metaspace       used 81243K, capacity 84624K, committed 85400K, reserved 1122304K
  class space    used 10860K, capacity 11491K, committed 11680K, reserved 1048576K
}
Event: 27.347 GC heap before
{Heap before GC invocations=20 (full 4):
 PSYoungGen      total 358912K, used 334848K [0x00000000d5580000, 0x00000000f3f80000, 0x0000000100000000)
  eden space 334848K, 100% used [0x00000000d5580000,0x00000000e9c80000,0x00000000e9c80000)
  from space 24064K, 0% used [0x00000000e9c80000,0x00000000e9c80000,0x00000000eb400000)
  to   space 40448K, 0% used [0x00000000f1800000,0x00000000f1800000,0x00000000f3f80000)
 ParOldGen       total 197120K, used 99284K [0x0000000080000000, 0x000000008c080000, 0x00000000d5580000)
  object space 197120K, 50% used [0x0000000080000000,0x00000000860f5040,0x000000008c080000)
 Metaspace       used 87691K, capacity 91738K, committed 92056K, reserved 1128448K
  class space    used 11792K, capacity 12610K, committed 12704K, reserved 1048576K
Event: 27.415 GC heap after
Heap after GC invocations=20 (full 4):
 PSYoungGen      total 456192K, used 35063K [0x00000000d5580000, 0x00000000f4900000, 0x0000000100000000)
  eden space 415744K, 0% used [0x00000000d5580000,0x00000000d5580000,0x00000000eeb80000)
  from space 40448K, 86% used [0x00000000f1800000,0x00000000f3a3dd70,0x00000000f3f80000)
  to   space 45568K, 0% used [0x00000000eeb80000,0x00000000eeb80000,0x00000000f1800000)
 ParOldGen       total 197120K, used 99292K [0x0000000080000000, 0x000000008c080000, 0x00000000d5580000)
  object space 197120K, 50% used [0x0000000080000000,0x00000000860f7040,0x000000008c080000)
 Metaspace       used 87691K, capacity 91738K, committed 92056K, reserved 1128448K
  class space    used 11792K, capacity 12610K, committed 12704K, reserved 1048576K
}
Event: 29.358 GC heap before
{Heap before GC invocations=21 (full 4):
 PSYoungGen      total 456192K, used 450807K [0x00000000d5580000, 0x00000000f4900000, 0x0000000100000000)
  eden space 415744K, 100% used [0x00000000d5580000,0x00000000eeb80000,0x00000000eeb80000)
  from space 40448K, 86% used [0x00000000f1800000,0x00000000f3a3dd70,0x00000000f3f80000)
  to   space 45568K, 0% used [0x00000000eeb80000,0x00000000eeb80000,0x00000000f1800000)
 ParOldGen       total 197120K, used 99292K [0x0000000080000000, 0x000000008c080000, 0x00000000d5580000)
  object space 197120K, 50% used [0x0000000080000000,0x00000000860f7040,0x000000008c080000)
 Metaspace       used 88044K, capacity 92158K, committed 92312K, reserved 1128448K
  class space    used 11802K, capacity 12644K, committed 12704K, reserved 1048576K
Event: 29.431 GC heap after
Heap after GC invocations=21 (full 4):
 PSYoungGen      total 461312K, used 36831K [0x00000000d5580000, 0x00000000f4900000, 0x0000000100000000)
  eden space 415744K, 0% used [0x00000000d5580000,0x00000000d5580000,0x00000000eeb80000)
  from space 45568K, 80% used [0x00000000eeb80000,0x00000000f0f77f38,0x00000000f1800000)
  to   space 40448K, 0% used [0x00000000f1800000,0x00000000f1800000,0x00000000f3f80000)
 ParOldGen       total 197120K, used 99300K [0x0000000080000000, 0x000000008c080000, 0x00000000d5580000)
  object space 197120K, 50% used [0x0000000080000000,0x00000000860f9040,0x000000008c080000)
 Metaspace       used 88044K, capacity 92158K, committed 92312K, reserved 1128448K
  class space    used 11802K, capacity 12644K, committed 12704K, reserved 1048576K
}
Event: 30.813 GC heap before
{Heap before GC invocations=22 (full 4):
 PSYoungGen      total 461312K, used 452575K [0x00000000d5580000, 0x00000000f4900000, 0x0000000100000000)
  eden space 415744K, 100% used [0x00000000d5580000,0x00000000eeb80000,0x00000000eeb80000)
  from space 45568K, 80% used [0x00000000eeb80000,0x00000000f0f77f38,0x00000000f1800000)
  to   space 40448K, 0% used [0x00000000f1800000,0x00000000f1800000,0x00000000f3f80000)
 ParOldGen       total 197120K, used 99300K [0x0000000080000000, 0x000000008c080000, 0x00000000d5580000)
  object space 197120K, 50% used [0x0000000080000000,0x00000000860f9040,0x000000008c080000)
 Metaspace       used 88125K, capacity 92252K, committed 92312K, reserved 1128448K
  class space    used 11807K, capacity 12651K, committed 12704K, reserved 1048576K
Event: 30.877 GC heap after
Heap after GC invocations=22 (full 4):
 PSYoungGen      total 456192K, used 40437K [0x00000000d5580000, 0x00000000f4900000, 0x0000000100000000)
  eden space 415744K, 0% used [0x00000000d5580000,0x00000000d5580000,0x00000000eeb80000)
  from space 40448K, 99% used [0x00000000f1800000,0x00000000f3f7d670,0x00000000f3f80000)
  to   space 45568K, 0% used [0x00000000eeb80000,0x00000000eeb80000,0x00000000f1800000)
 ParOldGen       total 197120K, used 101295K [0x0000000080000000, 0x000000008c080000, 0x00000000d5580000)
  object space 197120K, 51% used [0x0000000080000000,0x00000000862ebe58,0x000000008c080000)
 Metaspace       used 88125K, capacity 92252K, committed 92312K, reserved 1128448K
  class space    used 11807K, capacity 12651K, committed 12704K, reserved 1048576K
}
Event: 32.213 GC heap before
{Heap before GC invocations=23 (full 4):
 PSYoungGen      total 456192K, used 456181K [0x00000000d5580000, 0x00000000f4900000, 0x0000000100000000)
  eden space 415744K, 100% used [0x00000000d5580000,0x00000000eeb80000,0x00000000eeb80000)
  from space 40448K, 99% used [0x00000000f1800000,0x00000000f3f7d670,0x00000000f3f80000)
  to   space 45568K, 0% used [0x00000000eeb80000,0x00000000eeb80000,0x00000000f1800000)
 ParOldGen       total 197120K, used 101295K [0x0000000080000000, 0x000000008c080000, 0x00000000d5580000)
  object space 197120K, 51% used [0x0000000080000000,0x00000000862ebe58,0x000000008c080000)
 Metaspace       used 88222K, capacity 92400K, committed 92568K, reserved 1128448K
  class space    used 11821K, capacity 12653K, committed 12704K, reserved 1048576K
Event: 32.284 GC heap after
Heap after GC invocations=23 (full 4):
 PSYoungGen      total 461312K, used 11917K [0x00000000d5580000, 0x00000000f4900000, 0x0000000100000000)
  eden space 415744K, 0% used [0x00000000d5580000,0x00000000d5580000,0x00000000eeb80000)
  from space 45568K, 26% used [0x00000000eeb80000,0x00000000ef7235b0,0x00000000f1800000)
  to   space 40448K, 0% used [0x00000000f1800000,0x00000000f1800000,0x00000000f3f80000)
 ParOldGen       total 197120K, used 134788K [0x0000000080000000, 0x000000008c080000, 0x00000000d5580000)
  object space 197120K, 68% used [0x0000000080000000,0x00000000883a13a8,0x000000008c080000)
 Metaspace       used 88222K, capacity 92400K, committed 92568K, reserved 1128448K
  class space    used 11821K, capacity 12653K, committed 12704K, reserved 1048576K
}

