# JRE version: OpenJDK Runtime Environment (8.0_242-b01) (build 1.8.0_242-release-1644-b01)
# Java VM: OpenJDK 64-Bit Server VM (25.242-b01 mixed mode windows-amd64 compressed oops)
Heap:
 PSYoungGen      total 355328K, used 187706K [0x00000000d5580000, 0x00000000ee900000, 0x0000000100000000)
  eden space 330240K, 53% used [0x00000000d5580000,0x00000000e01e03b0,0x00000000e9800000)
  from space 25088K, 44% used [0x00000000ebd00000,0x00000000ec7ee4b0,0x00000000ed580000)
  to   space 37888K, 0% used [0x00000000e9800000,0x00000000e9800000,0x00000000ebd00000)
 ParOldGen       total 240640K, used 90528K [0x0000000080000000, 0x000000008eb00000, 0x00000000d5580000)
  object space 240640K, 37% used [0x0000000080000000,0x0000000085868170,0x000000008eb00000)
 Metaspace       used 81824K, capacity 85936K, committed 86296K, reserved 1124352K
  class space    used 11092K, capacity 11861K, committed 12080K, reserved 1048576K
GC Heap History (10 events):
Event: 18.172 GC heap before
{Heap before GC invocations=18 (full 3):
 PSYoungGen      total 355328K, used 355309K [0x00000000d5580000, 0x00000000ee900000, 0x0000000100000000)
  eden space 330240K, 100% used [0x00000000d5580000,0x00000000e9800000,0x00000000e9800000)
  from space 25088K, 99% used [0x00000000ebd00000,0x00000000ed57b570,0x00000000ed580000)
  to   space 37888K, 0% used [0x00000000e9800000,0x00000000e9800000,0x00000000ebd00000)
 ParOldGen       total 100864K, used 56872K [0x0000000080000000, 0x0000000086280000, 0x00000000d5580000)
  object space 100864K, 56% used [0x0000000080000000,0x000000008378a018,0x0000000086280000)
 Metaspace       used 80747K, capacity 84882K, committed 85144K, reserved 1122304K
  class space    used 11046K, capacity 11828K, committed 11952K, reserved 1048576K
Event: 18.270 GC heap after
Heap after GC invocations=18 (full 3):
 PSYoungGen      total 368128K, used 33074K [0x00000000d5580000, 0x00000000ee900000, 0x0000000100000000)
  eden space 330240K, 0% used [0x00000000d5580000,0x00000000d5580000,0x00000000e9800000)
  from space 37888K, 87% used [0x00000000e9800000,0x00000000eb84c8f8,0x00000000ebd00000)
  to   space 25088K, 0% used [0x00000000ebd00000,0x00000000ebd00000,0x00000000ed580000)
 ParOldGen       total 100864K, used 80921K [0x0000000080000000, 0x0000000086280000, 0x00000000d5580000)
  object space 100864K, 80% used [0x0000000080000000,0x0000000084f06680,0x0000000086280000)
 Metaspace       used 80747K, capacity 84882K, committed 85144K, reserved 1122304K
  class space    used 11046K, capacity 11828K, committed 11952K, reserved 1048576K
}
Event: 18.270 GC heap before
{Heap before GC invocations=19 (full 4):
 PSYoungGen      total 368128K, used 33074K [0x00000000d5580000, 0x00000000ee900000, 0x0000000100000000)
  eden space 330240K, 0% used [0x00000000d5580000,0x00000000d5580000,0x00000000e9800000)
  from space 37888K, 87% used [0x00000000e9800000,0x00000000eb84c8f8,0x00000000ebd00000)
  to   space 25088K, 0% used [0x00000000ebd00000,0x00000000ebd00000,0x00000000ed580000)
 ParOldGen       total 100864K, used 80921K [0x0000000080000000, 0x0000000086280000, 0x00000000d5580000)
  object space 100864K, 80% used [0x0000000080000000,0x0000000084f06680,0x0000000086280000)
 Metaspace       used 80747K, capacity 84882K, committed 85144K, reserved 1122304K
  class space    used 11046K, capacity 11828K, committed 11952K, reserved 1048576K
Event: 18.948 GC heap after
Heap after GC invocations=19 (full 4):
 PSYoungGen      total 368128K, used 1678K [0x00000000d5580000, 0x00000000ee900000, 0x0000000100000000)
  eden space 330240K, 0% used [0x00000000d5580000,0x00000000d5580000,0x00000000e9800000)
  from space 37888K, 4% used [0x00000000e9800000,0x00000000e99a39f0,0x00000000ebd00000)
  to   space 25088K, 0% used [0x00000000ebd00000,0x00000000ebd00000,0x00000000ed580000)
 ParOldGen       total 100864K, used 100720K [0x0000000080000000, 0x0000000086280000, 0x00000000d5580000)
  object space 100864K, 99% used [0x0000000080000000,0x000000008625c0c8,0x0000000086280000)
 Metaspace       used 80424K, capacity 84080K, committed 85144K, reserved 1122304K
  class space    used 10931K, capacity 11623K, committed 11952K, reserved 1048576K
}
Event: 20.731 GC heap before
{Heap before GC invocations=20 (full 5):
 PSYoungGen      total 368128K, used 331918K [0x00000000d5580000, 0x00000000ee900000, 0x0000000100000000)
  eden space 330240K, 100% used [0x00000000d5580000,0x00000000e9800000,0x00000000e9800000)
  from space 37888K, 4% used [0x00000000e9800000,0x00000000e99a39f0,0x00000000ebd00000)
  to   space 25088K, 0% used [0x00000000ebd00000,0x00000000ebd00000,0x00000000ed580000)
 ParOldGen       total 100864K, used 100720K [0x0000000080000000, 0x0000000086280000, 0x00000000d5580000)
  object space 100864K, 99% used [0x0000000080000000,0x000000008625c0c8,0x0000000086280000)
 Metaspace       used 81535K, capacity 85668K, committed 86040K, reserved 1124352K
  class space    used 11088K, capacity 11859K, committed 12080K, reserved 1048576K
Event: 21.181 GC heap after
Heap after GC invocations=20 (full 5):
 PSYoungGen      total 368128K, used 0K [0x00000000d5580000, 0x00000000ee900000, 0x0000000100000000)
  eden space 330240K, 0% used [0x00000000d5580000,0x00000000d5580000,0x00000000e9800000)
  from space 37888K, 0% used [0x00000000e9800000,0x00000000e9800000,0x00000000ebd00000)
  to   space 25088K, 0% used [0x00000000ebd00000,0x00000000ebd00000,0x00000000ed580000)
 ParOldGen       total 100864K, used 96268K [0x0000000080000000, 0x0000000086280000, 0x00000000d5580000)
  object space 100864K, 95% used [0x0000000080000000,0x0000000085e03390,0x0000000086280000)
 Metaspace       used 81535K, capacity 85668K, committed 86040K, reserved 1124352K
  class space    used 11088K, capacity 11859K, committed 12080K, reserved 1048576K
}
Event: 22.593 GC heap before
{Heap before GC invocations=21 (full 6):
 PSYoungGen      total 368128K, used 330240K [0x00000000d5580000, 0x00000000ee900000, 0x0000000100000000)
  eden space 330240K, 100% used [0x00000000d5580000,0x00000000e9800000,0x00000000e9800000)
  from space 37888K, 0% used [0x00000000e9800000,0x00000000e9800000,0x00000000ebd00000)
  to   space 25088K, 0% used [0x00000000ebd00000,0x00000000ebd00000,0x00000000ed580000)
 ParOldGen       total 100864K, used 96268K [0x0000000080000000, 0x0000000086280000, 0x00000000d5580000)
  object space 100864K, 95% used [0x0000000080000000,0x0000000085e03390,0x0000000086280000)
 Metaspace       used 81763K, capacity 85872K, committed 86296K, reserved 1124352K
  class space    used 11092K, capacity 11861K, committed 12080K, reserved 1048576K
Event: 22.942 GC heap after
Heap after GC invocations=21 (full 6):
 PSYoungGen      total 368128K, used 0K [0x00000000d5580000, 0x00000000ee900000, 0x0000000100000000)
  eden space 330240K, 0% used [0x00000000d5580000,0x00000000d5580000,0x00000000e9800000)
  from space 37888K, 0% used [0x00000000e9800000,0x00000000e9800000,0x00000000ebd00000)
  to   space 25088K, 0% used [0x00000000ebd00000,0x00000000ebd00000,0x00000000ed580000)
 ParOldGen       total 240640K, used 90528K [0x0000000080000000, 0x000000008eb00000, 0x00000000d5580000)
  object space 240640K, 37% used [0x0000000080000000,0x0000000085868170,0x000000008eb00000)
 Metaspace       used 81763K, capacity 85872K, committed 86296K, reserved 1124352K
  class space    used 11092K, capacity 11861K, committed 12080K, reserved 1048576K
}
Event: 24.111 GC heap before
{Heap before GC invocations=22 (full 6):
 PSYoungGen      total 368128K, used 330240K [0x00000000d5580000, 0x00000000ee900000, 0x0000000100000000)
  eden space 330240K, 100% used [0x00000000d5580000,0x00000000e9800000,0x00000000e9800000)
  from space 37888K, 0% used [0x00000000e9800000,0x00000000e9800000,0x00000000ebd00000)
  to   space 25088K, 0% used [0x00000000ebd00000,0x00000000ebd00000,0x00000000ed580000)
 ParOldGen       total 240640K, used 90528K [0x0000000080000000, 0x000000008eb00000, 0x00000000d5580000)
  object space 240640K, 37% used [0x0000000080000000,0x0000000085868170,0x000000008eb00000)
 Metaspace       used 81818K, capacity 85872K, committed 86296K, reserved 1124352K
  class space    used 11092K, capacity 11861K, committed 12080K, reserved 1048576K
Event: 24.154 GC heap after
Heap after GC invocations=22 (full 6):
 PSYoungGen      total 355328K, used 11193K [0x00000000d5580000, 0x00000000ee900000, 0x0000000100000000)
  eden space 330240K, 0% used [0x00000000d5580000,0x00000000d5580000,0x00000000e9800000)
  from space 25088K, 44% used [0x00000000ebd00000,0x00000000ec7ee4b0,0x00000000ed580000)
  to   space 37888K, 0% used [0x00000000e9800000,0x00000000e9800000,0x00000000ebd00000)
 ParOldGen       total 240640K, used 90528K [0x0000000080000000, 0x000000008eb00000, 0x00000000d5580000)
  object space 240640K, 37% used [0x0000000080000000,0x0000000085868170,0x000000008eb00000)
 Metaspace       used 81818K, capacity 85872K, committed 86296K, reserved 1124352K
  class space    used 11092K, capacity 11861K, committed 12080K, reserved 1048576K
}

