# JRE version: OpenJDK Runtime Environment (8.0_242-b01) (build 1.8.0_242-release-1644-b01)
# Java VM: OpenJDK 64-Bit Server VM (25.242-b01 mixed mode windows-amd64 compressed oops)
Heap:
 PSYoungGen      total 462336K, used 124213K [0x00000000d5580000, 0x00000000f8580000, 0x0000000100000000)
  eden space 408576K, 27% used [0x00000000d5580000,0x00000000dc2052a0,0x00000000ee480000)
  from space 53760K, 24% used [0x00000000ee480000,0x00000000ef148310,0x00000000f1900000)
  to   space 51200K, 0% used [0x00000000f5380000,0x00000000f5380000,0x00000000f8580000)
 ParOldGen       total 221696K, used 121058K [0x0000000080000000, 0x000000008d880000, 0x00000000d5580000)
  object space 221696K, 54% used [0x0000000080000000,0x00000000876389c0,0x000000008d880000)
 Metaspace       used 81143K, capacity 84916K, committed 85912K, reserved 1124352K
  class space    used 10987K, capacity 11707K, committed 11952K, reserved 1048576K
GC Heap History (10 events):
Event: 14.708 GC heap before
{Heap before GC invocations=17 (full 3):
 PSYoungGen      total 275456K, used 275433K [0x00000000d5580000, 0x00000000ed280000, 0x0000000100000000)
  eden space 254464K, 100% used [0x00000000d5580000,0x00000000e4e00000,0x00000000e4e00000)
  from space 20992K, 99% used [0x00000000e4e00000,0x00000000e627a608,0x00000000e6280000)
  to   space 27648K, 0% used [0x00000000eb780000,0x00000000eb780000,0x00000000ed280000)
 ParOldGen       total 101888K, used 41744K [0x0000000080000000, 0x0000000086380000, 0x00000000d5580000)
  object space 101888K, 40% used [0x0000000080000000,0x00000000828c4038,0x0000000086380000)
 Metaspace       used 72284K, capacity 75560K, committed 75800K, reserved 1114112K
  class space    used 9852K, capacity 10481K, committed 10544K, reserved 1048576K
Event: 14.750 GC heap after
Heap after GC invocations=17 (full 3):
 PSYoungGen      total 355840K, used 25600K [0x00000000d5580000, 0x00000000ed400000, 0x0000000100000000)
  eden space 328192K, 0% used [0x00000000d5580000,0x00000000d5580000,0x00000000e9600000)
  from space 27648K, 92% used [0x00000000eb780000,0x00000000ed080008,0x00000000ed280000)
  to   space 31744K, 0% used [0x00000000e9600000,0x00000000e9600000,0x00000000eb500000)
 ParOldGen       total 101888K, used 61668K [0x0000000080000000, 0x0000000086380000, 0x00000000d5580000)
  object space 101888K, 60% used [0x0000000080000000,0x0000000083c39388,0x0000000086380000)
 Metaspace       used 72284K, capacity 75560K, committed 75800K, reserved 1114112K
  class space    used 9852K, capacity 10481K, committed 10544K, reserved 1048576K
}
Event: 16.740 GC heap before
{Heap before GC invocations=18 (full 3):
 PSYoungGen      total 355840K, used 353792K [0x00000000d5580000, 0x00000000ed400000, 0x0000000100000000)
  eden space 328192K, 100% used [0x00000000d5580000,0x00000000e9600000,0x00000000e9600000)
  from space 27648K, 92% used [0x00000000eb780000,0x00000000ed080008,0x00000000ed280000)
  to   space 31744K, 0% used [0x00000000e9600000,0x00000000e9600000,0x00000000eb500000)
 ParOldGen       total 101888K, used 61671K [0x0000000080000000, 0x0000000086380000, 0x00000000d5580000)
  object space 101888K, 60% used [0x0000000080000000,0x0000000083c39e90,0x0000000086380000)
 Metaspace       used 80543K, capacity 84758K, committed 84888K, reserved 1122304K
  class space    used 11095K, capacity 11940K, committed 11952K, reserved 1048576K
Event: 16.820 GC heap after
Heap after GC invocations=18 (full 3):
 PSYoungGen      total 359936K, used 31736K [0x00000000d5580000, 0x00000000f5d80000, 0x0000000100000000)
  eden space 328192K, 0% used [0x00000000d5580000,0x00000000d5580000,0x00000000e9600000)
  from space 31744K, 99% used [0x00000000e9600000,0x00000000eb4fe3b0,0x00000000eb500000)
  to   space 55296K, 0% used [0x00000000f2780000,0x00000000f2780000,0x00000000f5d80000)
 ParOldGen       total 111616K, used 111606K [0x0000000080000000, 0x0000000086d00000, 0x00000000d5580000)
  object space 111616K, 99% used [0x0000000080000000,0x0000000086cfdb60,0x0000000086d00000)
 Metaspace       used 80543K, capacity 84758K, committed 84888K, reserved 1122304K
  class space    used 11095K, capacity 11940K, committed 11952K, reserved 1048576K
}
Event: 16.821 GC heap before
{Heap before GC invocations=19 (full 4):
 PSYoungGen      total 359936K, used 31736K [0x00000000d5580000, 0x00000000f5d80000, 0x0000000100000000)
  eden space 328192K, 0% used [0x00000000d5580000,0x00000000d5580000,0x00000000e9600000)
  from space 31744K, 99% used [0x00000000e9600000,0x00000000eb4fe3b0,0x00000000eb500000)
  to   space 55296K, 0% used [0x00000000f2780000,0x00000000f2780000,0x00000000f5d80000)
 ParOldGen       total 111616K, used 111606K [0x0000000080000000, 0x0000000086d00000, 0x00000000d5580000)
  object space 111616K, 99% used [0x0000000080000000,0x0000000086cfdb60,0x0000000086d00000)
 Metaspace       used 80543K, capacity 84758K, committed 84888K, reserved 1122304K
  class space    used 11095K, capacity 11940K, committed 11952K, reserved 1048576K
Event: 17.430 GC heap after
Heap after GC invocations=19 (full 4):
 PSYoungGen      total 359936K, used 9576K [0x00000000d5580000, 0x00000000f5d80000, 0x0000000100000000)
  eden space 328192K, 0% used [0x00000000d5580000,0x00000000d5580000,0x00000000e9600000)
  from space 31744K, 30% used [0x00000000e9600000,0x00000000e9f5a380,0x00000000eb500000)
  to   space 55296K, 0% used [0x00000000f2780000,0x00000000f2780000,0x00000000f5d80000)
 ParOldGen       total 221696K, used 111493K [0x0000000080000000, 0x000000008d880000, 0x00000000d5580000)
  object space 221696K, 50% used [0x0000000080000000,0x0000000086ce1610,0x000000008d880000)
 Metaspace       used 80159K, capacity 83828K, committed 84888K, reserved 1122304K
  class space    used 10960K, capacity 11699K, committed 11952K, reserved 1048576K
}
Event: 19.528 GC heap before
{Heap before GC invocations=20 (full 4):
 PSYoungGen      total 359936K, used 337768K [0x00000000d5580000, 0x00000000f5d80000, 0x0000000100000000)
  eden space 328192K, 100% used [0x00000000d5580000,0x00000000e9600000,0x00000000e9600000)
  from space 31744K, 30% used [0x00000000e9600000,0x00000000e9f5a380,0x00000000eb500000)
  to   space 55296K, 0% used [0x00000000f2780000,0x00000000f2780000,0x00000000f5d80000)
 ParOldGen       total 221696K, used 111493K [0x0000000080000000, 0x000000008d880000, 0x00000000d5580000)
  object space 221696K, 50% used [0x0000000080000000,0x0000000086ce1610,0x000000008d880000)
 Metaspace       used 80936K, capacity 84608K, committed 85656K, reserved 1122304K
  class space    used 10978K, capacity 11699K, committed 11952K, reserved 1048576K
Event: 19.581 GC heap after
Heap after GC invocations=20 (full 4):
 PSYoungGen      total 447488K, used 7563K [0x00000000d5580000, 0x00000000f4d80000, 0x0000000100000000)
  eden space 408576K, 0% used [0x00000000d5580000,0x00000000d5580000,0x00000000ee480000)
  from space 38912K, 19% used [0x00000000f2780000,0x00000000f2ee2da8,0x00000000f4d80000)
  to   space 53760K, 0% used [0x00000000ee480000,0x00000000ee480000,0x00000000f1900000)
 ParOldGen       total 221696K, used 121050K [0x0000000080000000, 0x000000008d880000, 0x00000000d5580000)
  object space 221696K, 54% used [0x0000000080000000,0x00000000876369c0,0x000000008d880000)
 Metaspace       used 80936K, capacity 84608K, committed 85656K, reserved 1122304K
  class space    used 10978K, capacity 11699K, committed 11952K, reserved 1048576K
}
Event: 21.036 GC heap before
{Heap before GC invocations=21 (full 4):
 PSYoungGen      total 447488K, used 416139K [0x00000000d5580000, 0x00000000f4d80000, 0x0000000100000000)
  eden space 408576K, 100% used [0x00000000d5580000,0x00000000ee480000,0x00000000ee480000)
  from space 38912K, 19% used [0x00000000f2780000,0x00000000f2ee2da8,0x00000000f4d80000)
  to   space 53760K, 0% used [0x00000000ee480000,0x00000000ee480000,0x00000000f1900000)
 ParOldGen       total 221696K, used 121050K [0x0000000080000000, 0x000000008d880000, 0x00000000d5580000)
  object space 221696K, 54% used [0x0000000080000000,0x00000000876369c0,0x000000008d880000)
 Metaspace       used 81119K, capacity 84840K, committed 85912K, reserved 1124352K
  class space    used 10985K, capacity 11703K, committed 11952K, reserved 1048576K
Event: 21.067 GC heap after
Heap after GC invocations=21 (full 4):
 PSYoungGen      total 462336K, used 13088K [0x00000000d5580000, 0x00000000f8580000, 0x0000000100000000)
  eden space 408576K, 0% used [0x00000000d5580000,0x00000000d5580000,0x00000000ee480000)
  from space 53760K, 24% used [0x00000000ee480000,0x00000000ef148310,0x00000000f1900000)
  to   space 51200K, 0% used [0x00000000f5380000,0x00000000f5380000,0x00000000f8580000)
 ParOldGen       total 221696K, used 121058K [0x0000000080000000, 0x000000008d880000, 0x00000000d5580000)
  object space 221696K, 54% used [0x0000000080000000,0x00000000876389c0,0x000000008d880000)
 Metaspace       used 81119K, capacity 84840K, committed 85912K, reserved 1124352K
  class space    used 10985K, capacity 11703K, committed 11952K, reserved 1048576K
}

