# JRE version: OpenJDK Runtime Environment (8.0_242-b01) (build 1.8.0_242-release-1644-b01)
# Java VM: OpenJDK 64-Bit Server VM (25.242-b01 mixed mode windows-amd64 compressed oops)
Heap:
 PSYoungGen      total 412672K, used 295300K [0x00000000d5580000, 0x00000000f2080000, 0x0000000100000000)
  eden space 367616K, 75% used [0x00000000d5580000,0x00000000e6347398,0x00000000ebc80000)
  from space 45056K, 42% used [0x00000000ebc80000,0x00000000ecf19cd0,0x00000000ee880000)
  to   space 26112K, 0% used [0x00000000ee880000,0x00000000ee880000,0x00000000f0200000)
 ParOldGen       total 178176K, used 98371K [0x0000000080000000, 0x000000008ae00000, 0x00000000d5580000)
  object space 178176K, 55% used [0x0000000080000000,0x0000000086010e80,0x000000008ae00000)
 Metaspace       used 92715K, capacity 96988K, committed 98200K, reserved 1134592K
  class space    used 12243K, capacity 13099K, committed 13488K, reserved 1048576K
GC Heap History (10 events):
Event: 21.092 GC heap before
{Heap before GC invocations=18 (full 4):
 PSYoungGen      total 393728K, used 26087K [0x00000000d5580000, 0x00000000f2080000, 0x0000000100000000)
  eden space 367616K, 0% used [0x00000000d5580000,0x00000000d5580000,0x00000000ebc80000)
  from space 26112K, 99% used [0x00000000ee880000,0x00000000f01f9fa0,0x00000000f0200000)
  to   space 45056K, 0% used [0x00000000ebc80000,0x00000000ebc80000,0x00000000ee880000)
 ParOldGen       total 92160K, used 73270K [0x0000000080000000, 0x0000000085a00000, 0x00000000d5580000)
  object space 92160K, 79% used [0x0000000080000000,0x000000008478da68,0x0000000085a00000)
 Metaspace       used 80292K, capacity 83694K, committed 83864K, reserved 1122304K
  class space    used 10687K, capacity 11358K, committed 11440K, reserved 1048576K
Event: 21.608 GC heap after
Heap after GC invocations=18 (full 4):
 PSYoungGen      total 393728K, used 2004K [0x00000000d5580000, 0x00000000f2080000, 0x0000000100000000)
  eden space 367616K, 0% used [0x00000000d5580000,0x00000000d5580000,0x00000000ebc80000)
  from space 26112K, 7% used [0x00000000ee880000,0x00000000eea75188,0x00000000f0200000)
  to   space 45056K, 0% used [0x00000000ebc80000,0x00000000ebc80000,0x00000000ee880000)
 ParOldGen       total 178176K, used 92017K [0x0000000080000000, 0x000000008ae00000, 0x00000000d5580000)
  object space 178176K, 51% used [0x0000000080000000,0x00000000859dc6d8,0x000000008ae00000)
 Metaspace       used 80185K, capacity 83384K, committed 83864K, reserved 1122304K
  class space    used 10653K, capacity 11299K, committed 11440K, reserved 1048576K
}
Event: 24.564 GC heap before
{Heap before GC invocations=19 (full 4):
 PSYoungGen      total 393728K, used 369620K [0x00000000d5580000, 0x00000000f2080000, 0x0000000100000000)
  eden space 367616K, 100% used [0x00000000d5580000,0x00000000ebc80000,0x00000000ebc80000)
  from space 26112K, 7% used [0x00000000ee880000,0x00000000eea75188,0x00000000f0200000)
  to   space 45056K, 0% used [0x00000000ebc80000,0x00000000ebc80000,0x00000000ee880000)
 ParOldGen       total 178176K, used 92017K [0x0000000080000000, 0x000000008ae00000, 0x00000000d5580000)
  object space 178176K, 51% used [0x0000000080000000,0x00000000859dc6d8,0x000000008ae00000)
 Metaspace       used 91618K, capacity 96318K, committed 96536K, reserved 1132544K
  class space    used 12308K, capacity 13284K, committed 13360K, reserved 1048576K
Event: 24.645 GC heap after
Heap after GC invocations=19 (full 4):
 PSYoungGen      total 412672K, used 45024K [0x00000000d5580000, 0x00000000f2080000, 0x0000000100000000)
  eden space 367616K, 0% used [0x00000000d5580000,0x00000000d5580000,0x00000000ebc80000)
  from space 45056K, 99% used [0x00000000ebc80000,0x00000000ee878338,0x00000000ee880000)
  to   space 26112K, 0% used [0x00000000ee880000,0x00000000ee880000,0x00000000f0200000)
 ParOldGen       total 178176K, used 105722K [0x0000000080000000, 0x000000008ae00000, 0x00000000d5580000)
  object space 178176K, 59% used [0x0000000080000000,0x000000008673e9b8,0x000000008ae00000)
 Metaspace       used 91618K, capacity 96318K, committed 96536K, reserved 1132544K
  class space    used 12308K, capacity 13284K, committed 13360K, reserved 1048576K
}
Event: 26.712 GC heap before
{Heap before GC invocations=20 (full 4):
 PSYoungGen      total 412672K, used 412640K [0x00000000d5580000, 0x00000000f2080000, 0x0000000100000000)
  eden space 367616K, 100% used [0x00000000d5580000,0x00000000ebc80000,0x00000000ebc80000)
  from space 45056K, 99% used [0x00000000ebc80000,0x00000000ee878338,0x00000000ee880000)
  to   space 26112K, 0% used [0x00000000ee880000,0x00000000ee880000,0x00000000f0200000)
 ParOldGen       total 178176K, used 105722K [0x0000000080000000, 0x000000008ae00000, 0x00000000d5580000)
  object space 178176K, 59% used [0x0000000080000000,0x000000008673e9b8,0x000000008ae00000)
 Metaspace       used 92696K, capacity 97490K, committed 97560K, reserved 1134592K
  class space    used 12357K, capacity 13342K, committed 13360K, reserved 1048576K
Event: 26.801 GC heap after
Heap after GC invocations=20 (full 4):
 PSYoungGen      total 393728K, used 26095K [0x00000000d5580000, 0x00000000f2080000, 0x0000000100000000)
  eden space 367616K, 0% used [0x00000000d5580000,0x00000000d5580000,0x00000000ebc80000)
  from space 26112K, 99% used [0x00000000ee880000,0x00000000f01fbc78,0x00000000f0200000)
  to   space 45056K, 0% used [0x00000000ebc80000,0x00000000ebc80000,0x00000000ee880000)
 ParOldGen       total 178176K, used 154254K [0x0000000080000000, 0x000000008ae00000, 0x00000000d5580000)
  object space 178176K, 86% used [0x0000000080000000,0x00000000896a3ba0,0x000000008ae00000)
 Metaspace       used 92696K, capacity 97490K, committed 97560K, reserved 1134592K
  class space    used 12357K, capacity 13342K, committed 13360K, reserved 1048576K
}
Event: 26.801 GC heap before
{Heap before GC invocations=21 (full 5):
 PSYoungGen      total 393728K, used 26095K [0x00000000d5580000, 0x00000000f2080000, 0x0000000100000000)
  eden space 367616K, 0% used [0x00000000d5580000,0x00000000d5580000,0x00000000ebc80000)
  from space 26112K, 99% used [0x00000000ee880000,0x00000000f01fbc78,0x00000000f0200000)
  to   space 45056K, 0% used [0x00000000ebc80000,0x00000000ebc80000,0x00000000ee880000)
 ParOldGen       total 178176K, used 154254K [0x0000000080000000, 0x000000008ae00000, 0x00000000d5580000)
  object space 178176K, 86% used [0x0000000080000000,0x00000000896a3ba0,0x000000008ae00000)
 Metaspace       used 92696K, capacity 97490K, committed 97560K, reserved 1134592K
  class space    used 12357K, capacity 13342K, committed 13360K, reserved 1048576K
Event: 27.048 GC heap after
Heap after GC invocations=21 (full 5):
 PSYoungGen      total 393728K, used 0K [0x00000000d5580000, 0x00000000f2080000, 0x0000000100000000)
  eden space 367616K, 0% used [0x00000000d5580000,0x00000000d5580000,0x00000000ebc80000)
  from space 26112K, 0% used [0x00000000ee880000,0x00000000ee880000,0x00000000f0200000)
  to   space 45056K, 0% used [0x00000000ebc80000,0x00000000ebc80000,0x00000000ee880000)
 ParOldGen       total 178176K, used 98371K [0x0000000080000000, 0x000000008ae00000, 0x00000000d5580000)
  object space 178176K, 55% used [0x0000000080000000,0x0000000086010e80,0x000000008ae00000)
 Metaspace       used 92259K, capacity 96536K, committed 97560K, reserved 1134592K
  class space    used 12197K, capacity 13053K, committed 13360K, reserved 1048576K
}
Event: 29.071 GC heap before
{Heap before GC invocations=22 (full 5):
 PSYoungGen      total 393728K, used 367616K [0x00000000d5580000, 0x00000000f2080000, 0x0000000100000000)
  eden space 367616K, 100% used [0x00000000d5580000,0x00000000ebc80000,0x00000000ebc80000)
  from space 26112K, 0% used [0x00000000ee880000,0x00000000ee880000,0x00000000f0200000)
  to   space 45056K, 0% used [0x00000000ebc80000,0x00000000ebc80000,0x00000000ee880000)
 ParOldGen       total 178176K, used 98371K [0x0000000080000000, 0x000000008ae00000, 0x00000000d5580000)
  object space 178176K, 55% used [0x0000000080000000,0x0000000086010e80,0x000000008ae00000)
 Metaspace       used 92602K, capacity 96896K, committed 97944K, reserved 1134592K
  class space    used 12234K, capacity 13093K, committed 13488K, reserved 1048576K
Event: 29.112 GC heap after
Heap after GC invocations=22 (full 5):
 PSYoungGen      total 412672K, used 19047K [0x00000000d5580000, 0x00000000f2080000, 0x0000000100000000)
  eden space 367616K, 0% used [0x00000000d5580000,0x00000000d5580000,0x00000000ebc80000)
  from space 45056K, 42% used [0x00000000ebc80000,0x00000000ecf19cd0,0x00000000ee880000)
  to   space 26112K, 0% used [0x00000000ee880000,0x00000000ee880000,0x00000000f0200000)
 ParOldGen       total 178176K, used 98371K [0x0000000080000000, 0x000000008ae00000, 0x00000000d5580000)
  object space 178176K, 55% used [0x0000000080000000,0x0000000086010e80,0x000000008ae00000)
 Metaspace       used 92602K, capacity 96896K, committed 97944K, reserved 1134592K
  class space    used 12234K, capacity 13093K, committed 13488K, reserved 1048576K
}

