# JRE version: OpenJDK Runtime Environment (8.0_242-b01) (build 1.8.0_242-release-1644-b01)
# Java VM: OpenJDK 64-Bit Server VM (25.242-b01 mixed mode windows-amd64 compressed oops)
Heap:
 PSYoungGen      total 356864K, used 229653K [0x00000000d5580000, 0x00000000f6600000, 0x0000000100000000)
  eden space 330240K, 63% used [0x00000000d5580000,0x00000000e2303e30,0x00000000e9800000)
  from space 26624K, 72% used [0x00000000e9800000,0x00000000eaac1958,0x00000000eb200000)
  to   space 57856K, 0% used [0x00000000f2d80000,0x00000000f2d80000,0x00000000f6600000)
 ParOldGen       total 237056K, used 123254K [0x0000000080000000, 0x000000008e780000, 0x00000000d5580000)
  object space 237056K, 51% used [0x0000000080000000,0x000000008785d9a8,0x000000008e780000)
 Metaspace       used 94480K, capacity 98854K, committed 99224K, reserved 1134592K
  class space    used 12588K, capacity 13412K, committed 13488K, reserved 1048576K
GC Heap History (10 events):
Event: 9.901 GC heap before
{Heap before GC invocations=15 (full 3):
 PSYoungGen      total 275456K, used 2881K [0x00000000d5580000, 0x00000000e8580000, 0x0000000100000000)
  eden space 254464K, 0% used [0x00000000d5580000,0x00000000d5580000,0x00000000e4e00000)
  from space 20992K, 13% used [0x00000000e6280000,0x00000000e6550738,0x00000000e7700000)
  to   space 20992K, 0% used [0x00000000e4e00000,0x00000000e4e00000,0x00000000e6280000)
 ParOldGen       total 66048K, used 44687K [0x0000000080000000, 0x0000000084080000, 0x00000000d5580000)
  object space 66048K, 67% used [0x0000000080000000,0x0000000082ba3d58,0x0000000084080000)
 Metaspace       used 56790K, capacity 59052K, committed 59160K, reserved 1099776K
  class space    used 7699K, capacity 8187K, committed 8240K, reserved 1048576K
Event: 10.146 GC heap after
Heap after GC invocations=15 (full 3):
 PSYoungGen      total 275456K, used 0K [0x00000000d5580000, 0x00000000e8580000, 0x0000000100000000)
  eden space 254464K, 0% used [0x00000000d5580000,0x00000000d5580000,0x00000000e4e00000)
  from space 20992K, 0% used [0x00000000e6280000,0x00000000e6280000,0x00000000e7700000)
  to   space 20992K, 0% used [0x00000000e4e00000,0x00000000e4e00000,0x00000000e6280000)
 ParOldGen       total 100352K, used 32875K [0x0000000080000000, 0x0000000086200000, 0x00000000d5580000)
  object space 100352K, 32% used [0x0000000080000000,0x000000008201ac40,0x0000000086200000)
 Metaspace       used 56770K, capacity 58986K, committed 59160K, reserved 1099776K
  class space    used 7693K, capacity 8176K, committed 8240K, reserved 1048576K
}
Event: 14.402 GC heap before
{Heap before GC invocations=16 (full 3):
 PSYoungGen      total 275456K, used 254464K [0x00000000d5580000, 0x00000000e8580000, 0x0000000100000000)
  eden space 254464K, 100% used [0x00000000d5580000,0x00000000e4e00000,0x00000000e4e00000)
  from space 20992K, 0% used [0x00000000e6280000,0x00000000e6280000,0x00000000e7700000)
  to   space 20992K, 0% used [0x00000000e4e00000,0x00000000e4e00000,0x00000000e6280000)
 ParOldGen       total 100352K, used 32875K [0x0000000080000000, 0x0000000086200000, 0x00000000d5580000)
  object space 100352K, 32% used [0x0000000080000000,0x000000008201ac40,0x0000000086200000)
 Metaspace       used 67483K, capacity 70582K, committed 70808K, reserved 1110016K
  class space    used 9216K, capacity 9838K, committed 9904K, reserved 1048576K
Event: 14.430 GC heap after
Heap after GC invocations=16 (full 3):
 PSYoungGen      total 275456K, used 20962K [0x00000000d5580000, 0x00000000ecd80000, 0x0000000100000000)
  eden space 254464K, 0% used [0x00000000d5580000,0x00000000d5580000,0x00000000e4e00000)
  from space 20992K, 99% used [0x00000000e4e00000,0x00000000e6278be0,0x00000000e6280000)
  to   space 25088K, 0% used [0x00000000eb500000,0x00000000eb500000,0x00000000ecd80000)
 ParOldGen       total 100352K, used 34928K [0x0000000080000000, 0x0000000086200000, 0x00000000d5580000)
  object space 100352K, 34% used [0x0000000080000000,0x000000008221c238,0x0000000086200000)
 Metaspace       used 67483K, capacity 70582K, committed 70808K, reserved 1110016K
  class space    used 9216K, capacity 9838K, committed 9904K, reserved 1048576K
}
Event: 16.997 GC heap before
{Heap before GC invocations=17 (full 3):
 PSYoungGen      total 275456K, used 275426K [0x00000000d5580000, 0x00000000ecd80000, 0x0000000100000000)
  eden space 254464K, 100% used [0x00000000d5580000,0x00000000e4e00000,0x00000000e4e00000)
  from space 20992K, 99% used [0x00000000e4e00000,0x00000000e6278be0,0x00000000e6280000)
  to   space 25088K, 0% used [0x00000000eb500000,0x00000000eb500000,0x00000000ecd80000)
 ParOldGen       total 100352K, used 34928K [0x0000000080000000, 0x0000000086200000, 0x00000000d5580000)
  object space 100352K, 34% used [0x0000000080000000,0x000000008221c238,0x0000000086200000)
 Metaspace       used 74672K, capacity 78020K, committed 78360K, reserved 1116160K
  class space    used 10058K, capacity 10709K, committed 10800K, reserved 1048576K
Event: 17.068 GC heap after
Heap after GC invocations=17 (full 3):
 PSYoungGen      total 353792K, used 18451K [0x00000000d5580000, 0x00000000ecc00000, 0x0000000100000000)
  eden space 330240K, 0% used [0x00000000d5580000,0x00000000d5580000,0x00000000e9800000)
  from space 23552K, 78% used [0x00000000eb500000,0x00000000ec704f20,0x00000000ecc00000)
  to   space 26624K, 0% used [0x00000000e9800000,0x00000000e9800000,0x00000000eb200000)
 ParOldGen       total 100352K, used 50167K [0x0000000080000000, 0x0000000086200000, 0x00000000d5580000)
  object space 100352K, 49% used [0x0000000080000000,0x00000000830fdce0,0x0000000086200000)
 Metaspace       used 74672K, capacity 78020K, committed 78360K, reserved 1116160K
  class space    used 10058K, capacity 10709K, committed 10800K, reserved 1048576K
}
Event: 19.924 GC heap before
{Heap before GC invocations=18 (full 3):
 PSYoungGen      total 353792K, used 348691K [0x00000000d5580000, 0x00000000ecc00000, 0x0000000100000000)
  eden space 330240K, 100% used [0x00000000d5580000,0x00000000e9800000,0x00000000e9800000)
  from space 23552K, 78% used [0x00000000eb500000,0x00000000ec704f20,0x00000000ecc00000)
  to   space 26624K, 0% used [0x00000000e9800000,0x00000000e9800000,0x00000000eb200000)
 ParOldGen       total 100352K, used 50167K [0x0000000080000000, 0x0000000086200000, 0x00000000d5580000)
  object space 100352K, 49% used [0x0000000080000000,0x00000000830fdce0,0x0000000086200000)
 Metaspace       used 90120K, capacity 94480K, committed 94616K, reserved 1130496K
  class space    used 12109K, capacity 12953K, committed 12976K, reserved 1048576K
Event: 20.021 GC heap after
Heap after GC invocations=18 (full 3):
 PSYoungGen      total 356864K, used 26598K [0x00000000d5580000, 0x00000000f6600000, 0x0000000100000000)
  eden space 330240K, 0% used [0x00000000d5580000,0x00000000d5580000,0x00000000e9800000)
  from space 26624K, 99% used [0x00000000e9800000,0x00000000eb1f9a50,0x00000000eb200000)
  to   space 57856K, 0% used [0x00000000f2d80000,0x00000000f2d80000,0x00000000f6600000)
 ParOldGen       total 123392K, used 123213K [0x0000000080000000, 0x0000000087880000, 0x00000000d5580000)
  object space 123392K, 99% used [0x0000000080000000,0x0000000087853580,0x0000000087880000)
 Metaspace       used 90120K, capacity 94480K, committed 94616K, reserved 1130496K
  class space    used 12109K, capacity 12953K, committed 12976K, reserved 1048576K
}
Event: 20.021 GC heap before
{Heap before GC invocations=19 (full 4):
 PSYoungGen      total 356864K, used 26598K [0x00000000d5580000, 0x00000000f6600000, 0x0000000100000000)
  eden space 330240K, 0% used [0x00000000d5580000,0x00000000d5580000,0x00000000e9800000)
  from space 26624K, 99% used [0x00000000e9800000,0x00000000eb1f9a50,0x00000000eb200000)
  to   space 57856K, 0% used [0x00000000f2d80000,0x00000000f2d80000,0x00000000f6600000)
 ParOldGen       total 123392K, used 123213K [0x0000000080000000, 0x0000000087880000, 0x00000000d5580000)
  object space 123392K, 99% used [0x0000000080000000,0x0000000087853580,0x0000000087880000)
 Metaspace       used 90120K, capacity 94480K, committed 94616K, reserved 1130496K
  class space    used 12109K, capacity 12953K, committed 12976K, reserved 1048576K
Event: 20.819 GC heap after
Heap after GC invocations=19 (full 4):
 PSYoungGen      total 356864K, used 19206K [0x00000000d5580000, 0x00000000f6600000, 0x0000000100000000)
  eden space 330240K, 0% used [0x00000000d5580000,0x00000000d5580000,0x00000000e9800000)
  from space 26624K, 72% used [0x00000000e9800000,0x00000000eaac1958,0x00000000eb200000)
  to   space 57856K, 0% used [0x00000000f2d80000,0x00000000f2d80000,0x00000000f6600000)
 ParOldGen       total 237056K, used 123254K [0x0000000080000000, 0x000000008e780000, 0x00000000d5580000)
  object space 237056K, 51% used [0x0000000080000000,0x000000008785d9a8,0x000000008e780000)
 Metaspace       used 89967K, capacity 94016K, committed 94616K, reserved 1130496K
  class space    used 12060K, capacity 12867K, committed 12976K, reserved 1048576K
}

