# JRE version: OpenJDK Runtime Environment (8.0_242-b01) (build 1.8.0_242-release-1644-b01)
# Java VM: OpenJDK 64-Bit Server VM (25.242-b01 mixed mode windows-amd64 compressed oops)
Heap:
 PSYoungGen      total 492544K, used 171864K [0x00000000d5580000, 0x00000000f6880000, 0x0000000100000000)
  eden space 441344K, 29% used [0x00000000d5580000,0x00000000dd6532b0,0x00000000f0480000)
  from space 51200K, 78% used [0x00000000f0480000,0x00000000f2b82fd0,0x00000000f3680000)
  to   space 48128K, 0% used [0x00000000f3980000,0x00000000f3980000,0x00000000f6880000)
 ParOldGen       total 222208K, used 114005K [0x0000000080000000, 0x000000008d900000, 0x00000000d5580000)
  object space 222208K, 51% used [0x0000000080000000,0x0000000086f554d8,0x000000008d900000)
 Metaspace       used 83306K, capacity 87426K, committed 87960K, reserved 1124352K
  class space    used 11225K, capacity 11996K, committed 12200K, reserved 1048576K
GC Heap History (10 events):
Event: 24.601 GC heap before
{Heap before GC invocations=24 (full 5):
 PSYoungGen      total 489472K, used 459181K [0x00000000d5580000, 0x00000000f6880000, 0x0000000100000000)
  eden space 441344K, 100% used [0x00000000d5580000,0x00000000f0480000,0x00000000f0480000)
  from space 48128K, 37% used [0x00000000f3980000,0x00000000f4aeb5b0,0x00000000f6880000)
  to   space 51200K, 0% used [0x00000000f0480000,0x00000000f0480000,0x00000000f3680000)
 ParOldGen       total 222208K, used 113981K [0x0000000080000000, 0x000000008d900000, 0x00000000d5580000)
  object space 222208K, 51% used [0x0000000080000000,0x0000000086f4f4d8,0x000000008d900000)
 Metaspace       used 82879K, capacity 86928K, committed 87448K, reserved 1124352K
  class space    used 11204K, capacity 11947K, committed 12200K, reserved 1048576K
Event: 24.632 GC heap after
Heap after GC invocations=24 (full 5):
 PSYoungGen      total 492544K, used 25817K [0x00000000d5580000, 0x00000000f6880000, 0x0000000100000000)
  eden space 441344K, 0% used [0x00000000d5580000,0x00000000d5580000,0x00000000f0480000)
  from space 51200K, 50% used [0x00000000f0480000,0x00000000f1db6648,0x00000000f3680000)
  to   space 48128K, 0% used [0x00000000f3980000,0x00000000f3980000,0x00000000f6880000)
 ParOldGen       total 222208K, used 113989K [0x0000000080000000, 0x000000008d900000, 0x00000000d5580000)
  object space 222208K, 51% used [0x0000000080000000,0x0000000086f514d8,0x000000008d900000)
 Metaspace       used 82879K, capacity 86928K, committed 87448K, reserved 1124352K
  class space    used 11204K, capacity 11947K, committed 12200K, reserved 1048576K
}
Event: 25.756 GC heap before
{Heap before GC invocations=25 (full 5):
 PSYoungGen      total 492544K, used 467161K [0x00000000d5580000, 0x00000000f6880000, 0x0000000100000000)
  eden space 441344K, 100% used [0x00000000d5580000,0x00000000f0480000,0x00000000f0480000)
  from space 51200K, 50% used [0x00000000f0480000,0x00000000f1db6648,0x00000000f3680000)
  to   space 48128K, 0% used [0x00000000f3980000,0x00000000f3980000,0x00000000f6880000)
 ParOldGen       total 222208K, used 113989K [0x0000000080000000, 0x000000008d900000, 0x00000000d5580000)
  object space 222208K, 51% used [0x0000000080000000,0x0000000086f514d8,0x000000008d900000)
 Metaspace       used 82970K, capacity 87094K, committed 87448K, reserved 1124352K
  class space    used 11217K, capacity 11990K, committed 12200K, reserved 1048576K
Event: 25.818 GC heap after
Heap after GC invocations=25 (full 5):
 PSYoungGen      total 489472K, used 27258K [0x00000000d5580000, 0x00000000f6880000, 0x0000000100000000)
  eden space 441344K, 0% used [0x00000000d5580000,0x00000000d5580000,0x00000000f0480000)
  from space 48128K, 56% used [0x00000000f3980000,0x00000000f541e9a8,0x00000000f6880000)
  to   space 51200K, 0% used [0x00000000f0480000,0x00000000f0480000,0x00000000f3680000)
 ParOldGen       total 222208K, used 113997K [0x0000000080000000, 0x000000008d900000, 0x00000000d5580000)
  object space 222208K, 51% used [0x0000000080000000,0x0000000086f534d8,0x000000008d900000)
 Metaspace       used 82970K, capacity 87094K, committed 87448K, reserved 1124352K
  class space    used 11217K, capacity 11990K, committed 12200K, reserved 1048576K
}
Event: 26.965 GC heap before
{Heap before GC invocations=26 (full 5):
 PSYoungGen      total 489472K, used 468602K [0x00000000d5580000, 0x00000000f6880000, 0x0000000100000000)
  eden space 441344K, 100% used [0x00000000d5580000,0x00000000f0480000,0x00000000f0480000)
  from space 48128K, 56% used [0x00000000f3980000,0x00000000f541e9a8,0x00000000f6880000)
  to   space 51200K, 0% used [0x00000000f0480000,0x00000000f0480000,0x00000000f3680000)
 ParOldGen       total 222208K, used 113997K [0x0000000080000000, 0x000000008d900000, 0x00000000d5580000)
  object space 222208K, 51% used [0x0000000080000000,0x0000000086f534d8,0x000000008d900000)
 Metaspace       used 83001K, capacity 87094K, committed 87448K, reserved 1124352K
  class space    used 11219K, capacity 11990K, committed 12200K, reserved 1048576K
Event: 27.014 GC heap after
Heap after GC invocations=26 (full 5):
 PSYoungGen      total 492544K, used 33467K [0x00000000d5580000, 0x00000000f6880000, 0x0000000100000000)
  eden space 441344K, 0% used [0x00000000d5580000,0x00000000d5580000,0x00000000f0480000)
  from space 51200K, 65% used [0x00000000f0480000,0x00000000f252eca0,0x00000000f3680000)
  to   space 48128K, 0% used [0x00000000f3980000,0x00000000f3980000,0x00000000f6880000)
 ParOldGen       total 222208K, used 113997K [0x0000000080000000, 0x000000008d900000, 0x00000000d5580000)
  object space 222208K, 51% used [0x0000000080000000,0x0000000086f534d8,0x000000008d900000)
 Metaspace       used 83001K, capacity 87094K, committed 87448K, reserved 1124352K
  class space    used 11219K, capacity 11990K, committed 12200K, reserved 1048576K
}
Event: 28.232 GC heap before
{Heap before GC invocations=27 (full 5):
 PSYoungGen      total 492544K, used 474811K [0x00000000d5580000, 0x00000000f6880000, 0x0000000100000000)
  eden space 441344K, 100% used [0x00000000d5580000,0x00000000f0480000,0x00000000f0480000)
  from space 51200K, 65% used [0x00000000f0480000,0x00000000f252eca0,0x00000000f3680000)
  to   space 48128K, 0% used [0x00000000f3980000,0x00000000f3980000,0x00000000f6880000)
 ParOldGen       total 222208K, used 113997K [0x0000000080000000, 0x000000008d900000, 0x00000000d5580000)
  object space 222208K, 51% used [0x0000000080000000,0x0000000086f534d8,0x000000008d900000)
 Metaspace       used 83011K, capacity 87094K, committed 87448K, reserved 1124352K
  class space    used 11219K, capacity 11990K, committed 12200K, reserved 1048576K
Event: 28.291 GC heap after
Heap after GC invocations=27 (full 5):
 PSYoungGen      total 489472K, used 41003K [0x00000000d5580000, 0x00000000f6880000, 0x0000000100000000)
  eden space 441344K, 0% used [0x00000000d5580000,0x00000000d5580000,0x00000000f0480000)
  from space 48128K, 85% used [0x00000000f3980000,0x00000000f618aef0,0x00000000f6880000)
  to   space 51200K, 0% used [0x00000000f0480000,0x00000000f0480000,0x00000000f3680000)
 ParOldGen       total 222208K, used 113997K [0x0000000080000000, 0x000000008d900000, 0x00000000d5580000)
  object space 222208K, 51% used [0x0000000080000000,0x0000000086f534d8,0x000000008d900000)
 Metaspace       used 83011K, capacity 87094K, committed 87448K, reserved 1124352K
  class space    used 11219K, capacity 11990K, committed 12200K, reserved 1048576K
}
Event: 29.882 GC heap before
{Heap before GC invocations=28 (full 5):
 PSYoungGen      total 489472K, used 482347K [0x00000000d5580000, 0x00000000f6880000, 0x0000000100000000)
  eden space 441344K, 100% used [0x00000000d5580000,0x00000000f0480000,0x00000000f0480000)
  from space 48128K, 85% used [0x00000000f3980000,0x00000000f618aef0,0x00000000f6880000)
  to   space 51200K, 0% used [0x00000000f0480000,0x00000000f0480000,0x00000000f3680000)
 ParOldGen       total 222208K, used 113997K [0x0000000080000000, 0x000000008d900000, 0x00000000d5580000)
  object space 222208K, 51% used [0x0000000080000000,0x0000000086f534d8,0x000000008d900000)
 Metaspace       used 83257K, capacity 87326K, committed 87704K, reserved 1124352K
  class space    used 11222K, capacity 11992K, committed 12200K, reserved 1048576K
Event: 29.947 GC heap after
Heap after GC invocations=28 (full 5):
 PSYoungGen      total 492544K, used 39947K [0x00000000d5580000, 0x00000000f6880000, 0x0000000100000000)
  eden space 441344K, 0% used [0x00000000d5580000,0x00000000d5580000,0x00000000f0480000)
  from space 51200K, 78% used [0x00000000f0480000,0x00000000f2b82fd0,0x00000000f3680000)
  to   space 48128K, 0% used [0x00000000f3980000,0x00000000f3980000,0x00000000f6880000)
 ParOldGen       total 222208K, used 114005K [0x0000000080000000, 0x000000008d900000, 0x00000000d5580000)
  object space 222208K, 51% used [0x0000000080000000,0x0000000086f554d8,0x000000008d900000)
 Metaspace       used 83257K, capacity 87326K, committed 87704K, reserved 1124352K
  class space    used 11222K, capacity 11992K, committed 12200K, reserved 1048576K
}

