# JRE version: OpenJDK Runtime Environment (8.0_242-b01) (build 1.8.0_242-release-1644-b01)
# Java VM: OpenJDK 64-Bit Server VM (25.242-b01 mixed mode windows-amd64 compressed oops)
Heap:
 PSYoungGen      total 288768K, used 116626K [0x00000000d5580000, 0x00000000eae80000, 0x0000000100000000)
  eden space 240640K, 40% used [0x00000000d5580000,0x00000000db384e18,0x00000000e4080000)
  from space 48128K, 42% used [0x00000000e4080000,0x00000000e545fd38,0x00000000e6f80000)
  to   space 46080K, 0% used [0x00000000e6f80000,0x00000000e6f80000,0x00000000e9c80000)
 ParOldGen       total 221696K, used 147868K [0x0000000080000000, 0x000000008d880000, 0x00000000d5580000)
  object space 221696K, 66% used [0x0000000080000000,0x0000000089067390,0x000000008d880000)
 Metaspace       used 121598K, capacity 128624K, committed 128728K, reserved 1161216K
  class space    used 15641K, capacity 17121K, committed 17152K, reserved 1048576K
GC Heap History (10 events):
Event: 798.970 GC heap before
{Heap before GC invocations=27 (full 4):
 PSYoungGen      total 270336K, used 251640K [0x00000000d5580000, 0x00000000e9780000, 0x0000000100000000)
  eden space 236544K, 100% used [0x00000000d5580000,0x00000000e3c80000,0x00000000e3c80000)
  from space 33792K, 44% used [0x00000000e7680000,0x00000000e853e058,0x00000000e9780000)
  to   space 46592K, 0% used [0x00000000e3c80000,0x00000000e3c80000,0x00000000e6a00000)
 ParOldGen       total 221696K, used 136238K [0x0000000080000000, 0x000000008d880000, 0x00000000d5580000)
  object space 221696K, 61% used [0x0000000080000000,0x000000008850bb08,0x000000008d880000)
 Metaspace       used 109083K, capacity 115604K, committed 115800K, reserved 1148928K
  class space    used 14060K, capacity 15439K, committed 15488K, reserved 1048576K
Event: 798.993 GC heap after
Heap after GC invocations=27 (full 4):
 PSYoungGen      total 253952K, used 24396K [0x00000000d5580000, 0x00000000e8f80000, 0x0000000100000000)
  eden space 229376K, 0% used [0x00000000d5580000,0x00000000d5580000,0x00000000e3580000)
  from space 24576K, 99% used [0x00000000e3c80000,0x00000000e54532d8,0x00000000e5480000)
  to   space 46080K, 0% used [0x00000000e6280000,0x00000000e6280000,0x00000000e8f80000)
 ParOldGen       total 221696K, used 136246K [0x0000000080000000, 0x000000008d880000, 0x00000000d5580000)
  object space 221696K, 61% used [0x0000000080000000,0x000000008850db08,0x000000008d880000)
 Metaspace       used 109083K, capacity 115604K, committed 115800K, reserved 1148928K
  class space    used 14060K, capacity 15439K, committed 15488K, reserved 1048576K
}
Event: 812.993 GC heap before
{Heap before GC invocations=28 (full 4):
 PSYoungGen      total 253952K, used 253772K [0x00000000d5580000, 0x00000000e8f80000, 0x0000000100000000)
  eden space 229376K, 100% used [0x00000000d5580000,0x00000000e3580000,0x00000000e3580000)
  from space 24576K, 99% used [0x00000000e3c80000,0x00000000e54532d8,0x00000000e5480000)
  to   space 46080K, 0% used [0x00000000e6280000,0x00000000e6280000,0x00000000e8f80000)
 ParOldGen       total 221696K, used 136246K [0x0000000080000000, 0x000000008d880000, 0x00000000d5580000)
  object space 221696K, 61% used [0x0000000080000000,0x000000008850db08,0x000000008d880000)
 Metaspace       used 111264K, capacity 117826K, committed 117976K, reserved 1150976K
  class space    used 14358K, capacity 15764K, committed 15872K, reserved 1048576K
Event: 813.013 GC heap after
Heap after GC invocations=28 (full 4):
 PSYoungGen      total 256000K, used 19735K [0x00000000d5580000, 0x00000000e8380000, 0x0000000100000000)
  eden space 222208K, 0% used [0x00000000d5580000,0x00000000d5580000,0x00000000e2e80000)
  from space 33792K, 58% used [0x00000000e6280000,0x00000000e75c5fd0,0x00000000e8380000)
  to   space 43520K, 0% used [0x00000000e2e80000,0x00000000e2e80000,0x00000000e5900000)
 ParOldGen       total 221696K, used 136254K [0x0000000080000000, 0x000000008d880000, 0x00000000d5580000)
  object space 221696K, 61% used [0x0000000080000000,0x000000008850fb08,0x000000008d880000)
 Metaspace       used 111264K, capacity 117826K, committed 117976K, reserved 1150976K
  class space    used 14358K, capacity 15764K, committed 15872K, reserved 1048576K
}
Event: 813.919 GC heap before
{Heap before GC invocations=29 (full 4):
 PSYoungGen      total 256000K, used 241943K [0x00000000d5580000, 0x00000000e8380000, 0x0000000100000000)
  eden space 222208K, 100% used [0x00000000d5580000,0x00000000e2e80000,0x00000000e2e80000)
  from space 33792K, 58% used [0x00000000e6280000,0x00000000e75c5fd0,0x00000000e8380000)
  to   space 43520K, 0% used [0x00000000e2e80000,0x00000000e2e80000,0x00000000e5900000)
 ParOldGen       total 221696K, used 136254K [0x0000000080000000, 0x000000008d880000, 0x00000000d5580000)
  object space 221696K, 61% used [0x0000000080000000,0x000000008850fb08,0x000000008d880000)
 Metaspace       used 111339K, capacity 117904K, committed 118232K, reserved 1150976K
  class space    used 14361K, capacity 15767K, committed 15872K, reserved 1048576K
Event: 813.962 GC heap after
Heap after GC invocations=29 (full 4):
 PSYoungGen      total 265728K, used 33062K [0x00000000d5580000, 0x00000000e9c80000, 0x0000000100000000)
  eden space 222208K, 0% used [0x00000000d5580000,0x00000000d5580000,0x00000000e2e80000)
  from space 43520K, 75% used [0x00000000e2e80000,0x00000000e4ec9978,0x00000000e5900000)
  to   space 46080K, 0% used [0x00000000e6f80000,0x00000000e6f80000,0x00000000e9c80000)
 ParOldGen       total 221696K, used 136262K [0x0000000080000000, 0x000000008d880000, 0x00000000d5580000)
  object space 221696K, 61% used [0x0000000080000000,0x0000000088511b08,0x000000008d880000)
 Metaspace       used 111339K, capacity 117904K, committed 118232K, reserved 1150976K
  class space    used 14361K, capacity 15767K, committed 15872K, reserved 1048576K
}
Event: 814.475 GC heap before
{Heap before GC invocations=30 (full 4):
 PSYoungGen      total 265728K, used 255267K [0x00000000d5580000, 0x00000000e9c80000, 0x0000000100000000)
  eden space 222208K, 99% used [0x00000000d5580000,0x00000000e2e7f610,0x00000000e2e80000)
  from space 43520K, 75% used [0x00000000e2e80000,0x00000000e4ec9978,0x00000000e5900000)
  to   space 46080K, 0% used [0x00000000e6f80000,0x00000000e6f80000,0x00000000e9c80000)
 ParOldGen       total 221696K, used 136262K [0x0000000080000000, 0x000000008d880000, 0x00000000d5580000)
  object space 221696K, 61% used [0x0000000080000000,0x0000000088511b08,0x000000008d880000)
 Metaspace       used 111339K, capacity 117904K, committed 118232K, reserved 1150976K
  class space    used 14361K, capacity 15767K, committed 15872K, reserved 1048576K
Event: 814.525 GC heap after
Heap after GC invocations=30 (full 4):
 PSYoungGen      total 286720K, used 33669K [0x00000000d5580000, 0x00000000eae80000, 0x0000000100000000)
  eden space 240640K, 0% used [0x00000000d5580000,0x00000000d5580000,0x00000000e4080000)
  from space 46080K, 73% used [0x00000000e6f80000,0x00000000e9061510,0x00000000e9c80000)
  to   space 48128K, 0% used [0x00000000e4080000,0x00000000e4080000,0x00000000e6f80000)
 ParOldGen       total 221696K, used 136270K [0x0000000080000000, 0x000000008d880000, 0x00000000d5580000)
  object space 221696K, 61% used [0x0000000080000000,0x0000000088513b08,0x000000008d880000)
 Metaspace       used 111339K, capacity 117904K, committed 118232K, reserved 1150976K
  class space    used 14361K, capacity 15767K, committed 15872K, reserved 1048576K
}
Event: 815.781 GC heap before
{Heap before GC invocations=31 (full 4):
 PSYoungGen      total 286720K, used 274309K [0x00000000d5580000, 0x00000000eae80000, 0x0000000100000000)
  eden space 240640K, 100% used [0x00000000d5580000,0x00000000e4080000,0x00000000e4080000)
  from space 46080K, 73% used [0x00000000e6f80000,0x00000000e9061510,0x00000000e9c80000)
  to   space 48128K, 0% used [0x00000000e4080000,0x00000000e4080000,0x00000000e6f80000)
 ParOldGen       total 221696K, used 136270K [0x0000000080000000, 0x000000008d880000, 0x00000000d5580000)
  object space 221696K, 61% used [0x0000000080000000,0x0000000088513b08,0x000000008d880000)
 Metaspace       used 116452K, capacity 123204K, committed 123480K, reserved 1157120K
  class space    used 14945K, capacity 16405K, committed 16512K, reserved 1048576K
Event: 815.824 GC heap after
Heap after GC invocations=31 (full 4):
 PSYoungGen      total 288768K, used 20351K [0x00000000d5580000, 0x00000000eae80000, 0x0000000100000000)
  eden space 240640K, 0% used [0x00000000d5580000,0x00000000d5580000,0x00000000e4080000)
  from space 48128K, 42% used [0x00000000e4080000,0x00000000e545fd38,0x00000000e6f80000)
  to   space 46080K, 0% used [0x00000000e6f80000,0x00000000e6f80000,0x00000000e9c80000)
 ParOldGen       total 221696K, used 147868K [0x0000000080000000, 0x000000008d880000, 0x00000000d5580000)
  object space 221696K, 66% used [0x0000000080000000,0x0000000089067390,0x000000008d880000)
 Metaspace       used 116452K, capacity 123204K, committed 123480K, reserved 1157120K
  class space    used 14945K, capacity 16405K, committed 16512K, reserved 1048576K
}

