# JRE version: OpenJDK Runtime Environment (8.0_242-b01) (build 1.8.0_242-release-1644-b01)
# Java VM: OpenJDK 64-Bit Server VM (25.242-b01 mixed mode windows-amd64 compressed oops)
Heap:
 PSYoungGen      total 373760K, used 359084K [0x00000000d5580000, 0x00000000ef380000, 0x0000000100000000)
  eden space 349696K, 95% used [0x00000000d5580000,0x00000000e9cb0ff8,0x00000000eab00000)
  from space 24064K, 99% used [0x00000000ecc80000,0x00000000ee3fa370,0x00000000ee400000)
  to   space 34304K, 0% used [0x00000000eab00000,0x00000000eab00000,0x00000000ecc80000)
 ParOldGen       total 96768K, used 49648K [0x0000000080000000, 0x0000000085e80000, 0x00000000d5580000)
  object space 96768K, 51% used [0x0000000080000000,0x000000008307c1b0,0x0000000085e80000)
 Metaspace       used 70036K, capacity 73170K, committed 73240K, reserved 1112064K
  class space    used 9403K, capacity 9998K, committed 10032K, reserved 1048576K
GC Heap History (10 events):
Event: 8.324 GC heap before
{Heap before GC invocations=13 (full 2):
 PSYoungGen      total 196608K, used 196398K [0x00000000d5580000, 0x00000000e2e00000, 0x0000000100000000)
  eden space 187392K, 100% used [0x00000000d5580000,0x00000000e0c80000,0x00000000e0c80000)
  from space 9216K, 97% used [0x00000000e2500000,0x00000000e2dcb8b0,0x00000000e2e00000)
  to   space 13312K, 0% used [0x00000000e1400000,0x00000000e1400000,0x00000000e2100000)
 ParOldGen       total 64512K, used 18191K [0x0000000080000000, 0x0000000083f00000, 0x00000000d5580000)
  object space 64512K, 28% used [0x0000000080000000,0x00000000811c3e00,0x0000000083f00000)
 Metaspace       used 54904K, capacity 57086K, committed 57256K, reserved 1099776K
  class space    used 7332K, capacity 7799K, committed 7856K, reserved 1048576K
Event: 8.350 GC heap after
Heap after GC invocations=13 (full 2):
 PSYoungGen      total 208384K, used 13281K [0x00000000d5580000, 0x00000000e8400000, 0x0000000100000000)
  eden space 195072K, 0% used [0x00000000d5580000,0x00000000d5580000,0x00000000e1400000)
  from space 13312K, 99% used [0x00000000e1400000,0x00000000e20f8468,0x00000000e2100000)
  to   space 20992K, 0% used [0x00000000e6f80000,0x00000000e6f80000,0x00000000e8400000)
 ParOldGen       total 64512K, used 33957K [0x0000000080000000, 0x0000000083f00000, 0x00000000d5580000)
  object space 64512K, 52% used [0x0000000080000000,0x0000000082129628,0x0000000083f00000)
 Metaspace       used 54904K, capacity 57086K, committed 57256K, reserved 1099776K
  class space    used 7332K, capacity 7799K, committed 7856K, reserved 1048576K
}
Event: 8.579 GC heap before
{Heap before GC invocations=14 (full 2):
 PSYoungGen      total 208384K, used 33234K [0x00000000d5580000, 0x00000000e8400000, 0x0000000100000000)
  eden space 195072K, 10% used [0x00000000d5580000,0x00000000d68fc5e8,0x00000000e1400000)
  from space 13312K, 99% used [0x00000000e1400000,0x00000000e20f8468,0x00000000e2100000)
  to   space 20992K, 0% used [0x00000000e6f80000,0x00000000e6f80000,0x00000000e8400000)
 ParOldGen       total 64512K, used 33957K [0x0000000080000000, 0x0000000083f00000, 0x00000000d5580000)
  object space 64512K, 52% used [0x0000000080000000,0x0000000082129628,0x0000000083f00000)
 Metaspace       used 56871K, capacity 59076K, committed 59160K, reserved 1099776K
  class space    used 7712K, capacity 8193K, committed 8240K, reserved 1048576K
Event: 8.593 GC heap after
Heap after GC invocations=14 (full 2):
 PSYoungGen      total 288768K, used 2587K [0x00000000d5580000, 0x00000000e8c80000, 0x0000000100000000)
  eden space 267776K, 0% used [0x00000000d5580000,0x00000000d5580000,0x00000000e5b00000)
  from space 20992K, 12% used [0x00000000e6f80000,0x00000000e7206d08,0x00000000e8400000)
  to   space 20992K, 0% used [0x00000000e5b00000,0x00000000e5b00000,0x00000000e6f80000)
 ParOldGen       total 64512K, used 45292K [0x0000000080000000, 0x0000000083f00000, 0x00000000d5580000)
  object space 64512K, 70% used [0x0000000080000000,0x0000000082c3b2f8,0x0000000083f00000)
 Metaspace       used 56871K, capacity 59076K, committed 59160K, reserved 1099776K
  class space    used 7712K, capacity 8193K, committed 8240K, reserved 1048576K
}
Event: 8.593 GC heap before
{Heap before GC invocations=15 (full 3):
 PSYoungGen      total 288768K, used 2587K [0x00000000d5580000, 0x00000000e8c80000, 0x0000000100000000)
  eden space 267776K, 0% used [0x00000000d5580000,0x00000000d5580000,0x00000000e5b00000)
  from space 20992K, 12% used [0x00000000e6f80000,0x00000000e7206d08,0x00000000e8400000)
  to   space 20992K, 0% used [0x00000000e5b00000,0x00000000e5b00000,0x00000000e6f80000)
 ParOldGen       total 64512K, used 45292K [0x0000000080000000, 0x0000000083f00000, 0x00000000d5580000)
  object space 64512K, 70% used [0x0000000080000000,0x0000000082c3b2f8,0x0000000083f00000)
 Metaspace       used 56871K, capacity 59076K, committed 59160K, reserved 1099776K
  class space    used 7712K, capacity 8193K, committed 8240K, reserved 1048576K
Event: 8.811 GC heap after
Heap after GC invocations=15 (full 3):
 PSYoungGen      total 288768K, used 0K [0x00000000d5580000, 0x00000000e8c80000, 0x0000000100000000)
  eden space 267776K, 0% used [0x00000000d5580000,0x00000000d5580000,0x00000000e5b00000)
  from space 20992K, 0% used [0x00000000e6f80000,0x00000000e6f80000,0x00000000e8400000)
  to   space 20992K, 0% used [0x00000000e5b00000,0x00000000e5b00000,0x00000000e6f80000)
 ParOldGen       total 96768K, used 32590K [0x0000000080000000, 0x0000000085e80000, 0x00000000d5580000)
  object space 96768K, 33% used [0x0000000080000000,0x0000000081fd3a80,0x0000000085e80000)
 Metaspace       used 56854K, capacity 59022K, committed 59160K, reserved 1099776K
  class space    used 7707K, capacity 8184K, committed 8240K, reserved 1048576K
}
Event: 21.612 GC heap before
{Heap before GC invocations=16 (full 3):
 PSYoungGen      total 288768K, used 267776K [0x00000000d5580000, 0x00000000e8c80000, 0x0000000100000000)
  eden space 267776K, 100% used [0x00000000d5580000,0x00000000e5b00000,0x00000000e5b00000)
  from space 20992K, 0% used [0x00000000e6f80000,0x00000000e6f80000,0x00000000e8400000)
  to   space 20992K, 0% used [0x00000000e5b00000,0x00000000e5b00000,0x00000000e6f80000)
 ParOldGen       total 96768K, used 32590K [0x0000000080000000, 0x0000000085e80000, 0x00000000d5580000)
  object space 96768K, 33% used [0x0000000080000000,0x0000000081fd3a80,0x0000000085e80000)
 Metaspace       used 64528K, capacity 67466K, committed 67608K, reserved 1107968K
  class space    used 8656K, capacity 9238K, committed 9264K, reserved 1048576K
Event: 21.635 GC heap after
Heap after GC invocations=16 (full 3):
 PSYoungGen      total 288768K, used 20686K [0x00000000d5580000, 0x00000000ee400000, 0x0000000100000000)
  eden space 267776K, 0% used [0x00000000d5580000,0x00000000d5580000,0x00000000e5b00000)
  from space 20992K, 98% used [0x00000000e5b00000,0x00000000e6f339d0,0x00000000e6f80000)
  to   space 24064K, 0% used [0x00000000ecc80000,0x00000000ecc80000,0x00000000ee400000)
 ParOldGen       total 96768K, used 32598K [0x0000000080000000, 0x0000000085e80000, 0x00000000d5580000)
  object space 96768K, 33% used [0x0000000080000000,0x0000000081fd5a80,0x0000000085e80000)
 Metaspace       used 64528K, capacity 67466K, committed 67608K, reserved 1107968K
  class space    used 8656K, capacity 9238K, committed 9264K, reserved 1048576K
}
Event: 23.664 GC heap before
{Heap before GC invocations=17 (full 3):
 PSYoungGen      total 288768K, used 288462K [0x00000000d5580000, 0x00000000ee400000, 0x0000000100000000)
  eden space 267776K, 100% used [0x00000000d5580000,0x00000000e5b00000,0x00000000e5b00000)
  from space 20992K, 98% used [0x00000000e5b00000,0x00000000e6f339d0,0x00000000e6f80000)
  to   space 24064K, 0% used [0x00000000ecc80000,0x00000000ecc80000,0x00000000ee400000)
 ParOldGen       total 96768K, used 32598K [0x0000000080000000, 0x0000000085e80000, 0x00000000d5580000)
  object space 96768K, 33% used [0x0000000080000000,0x0000000081fd5a80,0x0000000085e80000)
 Metaspace       used 69981K, capacity 73106K, committed 73240K, reserved 1112064K
  class space    used 9403K, capacity 9998K, committed 10032K, reserved 1048576K
Event: 23.729 GC heap after
Heap after GC invocations=17 (full 3):
 PSYoungGen      total 373760K, used 24040K [0x00000000d5580000, 0x00000000ef380000, 0x0000000100000000)
  eden space 349696K, 0% used [0x00000000d5580000,0x00000000d5580000,0x00000000eab00000)
  from space 24064K, 99% used [0x00000000ecc80000,0x00000000ee3fa370,0x00000000ee400000)
  to   space 34304K, 0% used [0x00000000eab00000,0x00000000eab00000,0x00000000ecc80000)
 ParOldGen       total 96768K, used 49648K [0x0000000080000000, 0x0000000085e80000, 0x00000000d5580000)
  object space 96768K, 51% used [0x0000000080000000,0x000000008307c1b0,0x0000000085e80000)
 Metaspace       used 69981K, capacity 73106K, committed 73240K, reserved 1112064K
  class space    used 9403K, capacity 9998K, committed 10032K, reserved 1048576K
}

