# JRE version: OpenJDK Runtime Environment (8.0_242-b01) (build 1.8.0_242-release-1644-b01)
# Java VM: OpenJDK 64-Bit Server VM (25.242-b01 mixed mode windows-amd64 compressed oops)
Heap:
 PSYoungGen      total 280064K, used 193962K [0x00000000d5580000, 0x00000000e8800000, 0x0000000100000000)
  eden space 262656K, 73% used [0x00000000d5580000,0x00000000e12ea9b8,0x00000000e5600000)
  from space 17408K, 0% used [0x00000000e7700000,0x00000000e7700000,0x00000000e8800000)
  to   space 25600K, 0% used [0x00000000e5600000,0x00000000e5600000,0x00000000e6f00000)
 ParOldGen       total 200192K, used 61999K [0x0000000080000000, 0x000000008c380000, 0x00000000d5580000)
  object space 200192K, 30% used [0x0000000080000000,0x0000000083c8bef0,0x000000008c380000)
 Metaspace       used 106552K, capacity 111946K, committed 112216K, reserved 1146880K
  class space    used 14044K, capacity 15131K, committed 15232K, reserved 1048576K
GC Heap History (10 events):
Event: 17.803 GC heap before
{Heap before GC invocations=16 (full 3):
 PSYoungGen      total 204800K, used 188928K [0x00000000d5580000, 0x00000000e3580000, 0x0000000100000000)
  eden space 188928K, 100% used [0x00000000d5580000,0x00000000e0e00000,0x00000000e0e00000)
  from space 15872K, 0% used [0x00000000e1e80000,0x00000000e1e80000,0x00000000e2e00000)
  to   space 16896K, 0% used [0x00000000e0e00000,0x00000000e0e00000,0x00000000e1e80000)
 ParOldGen       total 131584K, used 38483K [0x0000000080000000, 0x0000000088080000, 0x00000000d5580000)
  object space 131584K, 29% used [0x0000000080000000,0x0000000082594d28,0x0000000088080000)
 Metaspace       used 67616K, capacity 70604K, committed 70744K, reserved 1110016K
  class space    used 9260K, capacity 9840K, committed 9856K, reserved 1048576K
Event: 17.837 GC heap after
Heap after GC invocations=16 (full 3):
 PSYoungGen      total 205824K, used 16877K [0x00000000d5580000, 0x00000000e5d80000, 0x0000000100000000)
  eden space 188928K, 0% used [0x00000000d5580000,0x00000000d5580000,0x00000000e0e00000)
  from space 16896K, 99% used [0x00000000e0e00000,0x00000000e1e7b750,0x00000000e1e80000)
  to   space 19456K, 0% used [0x00000000e4a80000,0x00000000e4a80000,0x00000000e5d80000)
 ParOldGen       total 131584K, used 38915K [0x0000000080000000, 0x0000000088080000, 0x00000000d5580000)
  object space 131584K, 29% used [0x0000000080000000,0x0000000082600df0,0x0000000088080000)
 Metaspace       used 67616K, capacity 70604K, committed 70744K, reserved 1110016K
  class space    used 9260K, capacity 9840K, committed 9856K, reserved 1048576K
}
Event: 20.352 GC heap before
{Heap before GC invocations=17 (full 3):
 PSYoungGen      total 205824K, used 205805K [0x00000000d5580000, 0x00000000e5d80000, 0x0000000100000000)
  eden space 188928K, 100% used [0x00000000d5580000,0x00000000e0e00000,0x00000000e0e00000)
  from space 16896K, 99% used [0x00000000e0e00000,0x00000000e1e7b750,0x00000000e1e80000)
  to   space 19456K, 0% used [0x00000000e4a80000,0x00000000e4a80000,0x00000000e5d80000)
 ParOldGen       total 131584K, used 38915K [0x0000000080000000, 0x0000000088080000, 0x00000000d5580000)
  object space 131584K, 29% used [0x0000000080000000,0x0000000082600df0,0x0000000088080000)
 Metaspace       used 77084K, capacity 80538K, committed 80856K, reserved 1118208K
  class space    used 10546K, capacity 11262K, committed 11264K, reserved 1048576K
Event: 20.382 GC heap after
Heap after GC invocations=17 (full 3):
 PSYoungGen      total 248832K, used 17742K [0x00000000d5580000, 0x00000000e5f80000, 0x0000000100000000)
  eden space 229376K, 0% used [0x00000000d5580000,0x00000000d5580000,0x00000000e3580000)
  from space 19456K, 91% used [0x00000000e4a80000,0x00000000e5bd3ae8,0x00000000e5d80000)
  to   space 21504K, 0% used [0x00000000e3580000,0x00000000e3580000,0x00000000e4a80000)
 ParOldGen       total 131584K, used 48835K [0x0000000080000000, 0x0000000088080000, 0x00000000d5580000)
  object space 131584K, 37% used [0x0000000080000000,0x0000000082fb0c90,0x0000000088080000)
 Metaspace       used 77084K, capacity 80538K, committed 80856K, reserved 1118208K
  class space    used 10546K, capacity 11262K, committed 11264K, reserved 1048576K
}
Event: 839.366 GC heap before
{Heap before GC invocations=18 (full 3):
 PSYoungGen      total 248832K, used 247118K [0x00000000d5580000, 0x00000000e5f80000, 0x0000000100000000)
  eden space 229376K, 100% used [0x00000000d5580000,0x00000000e3580000,0x00000000e3580000)
  from space 19456K, 91% used [0x00000000e4a80000,0x00000000e5bd3ae8,0x00000000e5d80000)
  to   space 21504K, 0% used [0x00000000e3580000,0x00000000e3580000,0x00000000e4a80000)
 ParOldGen       total 131584K, used 48835K [0x0000000080000000, 0x0000000088080000, 0x00000000d5580000)
  object space 131584K, 37% used [0x0000000080000000,0x0000000082fb0c90,0x0000000088080000)
 Metaspace       used 87309K, capacity 91556K, committed 91608K, reserved 1128448K
  class space    used 11686K, capacity 12538K, committed 12544K, reserved 1048576K
Event: 839.400 GC heap after
Heap after GC invocations=18 (full 3):
 PSYoungGen      total 250880K, used 21488K [0x00000000d5580000, 0x00000000e9100000, 0x0000000100000000)
  eden space 229376K, 0% used [0x00000000d5580000,0x00000000d5580000,0x00000000e3580000)
  from space 21504K, 99% used [0x00000000e3580000,0x00000000e4a7c3d0,0x00000000e4a80000)
  to   space 26624K, 0% used [0x00000000e7700000,0x00000000e7700000,0x00000000e9100000)
 ParOldGen       total 131584K, used 54598K [0x0000000080000000, 0x0000000088080000, 0x00000000d5580000)
  object space 131584K, 41% used [0x0000000080000000,0x0000000083551bf0,0x0000000088080000)
 Metaspace       used 87309K, capacity 91556K, committed 91608K, reserved 1128448K
  class space    used 11686K, capacity 12538K, committed 12544K, reserved 1048576K
}
Event: 942.839 GC heap before
{Heap before GC invocations=19 (full 3):
 PSYoungGen      total 250880K, used 150196K [0x00000000d5580000, 0x00000000e9100000, 0x0000000100000000)
  eden space 229376K, 56% used [0x00000000d5580000,0x00000000dd330f18,0x00000000e3580000)
  from space 21504K, 99% used [0x00000000e3580000,0x00000000e4a7c3d0,0x00000000e4a80000)
  to   space 26624K, 0% used [0x00000000e7700000,0x00000000e7700000,0x00000000e9100000)
 ParOldGen       total 131584K, used 54598K [0x0000000080000000, 0x0000000088080000, 0x00000000d5580000)
  object space 131584K, 41% used [0x0000000080000000,0x0000000083551bf0,0x0000000088080000)
 Metaspace       used 93389K, capacity 98200K, committed 98280K, reserved 1134592K
  class space    used 12404K, capacity 13396K, committed 13440K, reserved 1048576K
Event: 942.879 GC heap after
Heap after GC invocations=19 (full 3):
 PSYoungGen      total 280064K, used 9970K [0x00000000d5580000, 0x00000000e8800000, 0x0000000100000000)
  eden space 262656K, 0% used [0x00000000d5580000,0x00000000d5580000,0x00000000e5600000)
  from space 17408K, 57% used [0x00000000e7700000,0x00000000e80bcbb8,0x00000000e8800000)
  to   space 25600K, 0% used [0x00000000e5600000,0x00000000e5600000,0x00000000e6f00000)
 ParOldGen       total 131584K, used 74692K [0x0000000080000000, 0x0000000088080000, 0x00000000d5580000)
  object space 131584K, 56% used [0x0000000080000000,0x00000000848f1350,0x0000000088080000)
 Metaspace       used 93389K, capacity 98200K, committed 98280K, reserved 1134592K
  class space    used 12404K, capacity 13396K, committed 13440K, reserved 1048576K
}
Event: 942.879 GC heap before
{Heap before GC invocations=20 (full 4):
 PSYoungGen      total 280064K, used 9970K [0x00000000d5580000, 0x00000000e8800000, 0x0000000100000000)
  eden space 262656K, 0% used [0x00000000d5580000,0x00000000d5580000,0x00000000e5600000)
  from space 17408K, 57% used [0x00000000e7700000,0x00000000e80bcbb8,0x00000000e8800000)
  to   space 25600K, 0% used [0x00000000e5600000,0x00000000e5600000,0x00000000e6f00000)
 ParOldGen       total 131584K, used 74692K [0x0000000080000000, 0x0000000088080000, 0x00000000d5580000)
  object space 131584K, 56% used [0x0000000080000000,0x00000000848f1350,0x0000000088080000)
 Metaspace       used 93389K, capacity 98200K, committed 98280K, reserved 1134592K
  class space    used 12404K, capacity 13396K, committed 13440K, reserved 1048576K
Event: 943.117 GC heap after
Heap after GC invocations=20 (full 4):
 PSYoungGen      total 280064K, used 0K [0x00000000d5580000, 0x00000000e8800000, 0x0000000100000000)
  eden space 262656K, 0% used [0x00000000d5580000,0x00000000d5580000,0x00000000e5600000)
  from space 17408K, 0% used [0x00000000e7700000,0x00000000e7700000,0x00000000e8800000)
  to   space 25600K, 0% used [0x00000000e5600000,0x00000000e5600000,0x00000000e6f00000)
 ParOldGen       total 200192K, used 61999K [0x0000000080000000, 0x000000008c380000, 0x00000000d5580000)
  object space 200192K, 30% used [0x0000000080000000,0x0000000083c8bef0,0x000000008c380000)
 Metaspace       used 93303K, capacity 97990K, committed 98280K, reserved 1134592K
  class space    used 12376K, capacity 13350K, committed 13440K, reserved 1048576K
}

