# JRE version: OpenJDK Runtime Environment (8.0_242-b01) (build 1.8.0_242-release-1644-b01)
# Java VM: OpenJDK 64-Bit Server VM (25.242-b01 mixed mode windows-amd64 compressed oops)
Heap:
 PSYoungGen      total 500736K, used 462848K [0x00000000d5580000, 0x00000000f6380000, 0x0000000100000000)
  eden space 462848K, 100% used [0x00000000d5580000,0x00000000f1980000,0x00000000f1980000)
  from space 37888K, 0% used [0x00000000f1980000,0x00000000f1980000,0x00000000f3e80000)
  to   space 26624K, 0% used [0x00000000f4980000,0x00000000f4980000,0x00000000f6380000)
 ParOldGen       total 200192K, used 167660K [0x0000000080000000, 0x000000008c380000, 0x00000000d5580000)
  object space 200192K, 83% used [0x0000000080000000,0x000000008a3bb130,0x000000008c380000)
 Metaspace       used 132102K, capacity 138478K, committed 138956K, reserved 1169408K
  class space    used 16752K, capacity 17988K, committed 18176K, reserved 1048576K
GC Heap History (10 events):
Event: 270.839 GC heap after
Heap after GC invocations=28 (full 4):
 PSYoungGen      total 489472K, used 19825K [0x00000000d5580000, 0x00000000f6380000, 0x0000000100000000)
  eden space 462848K, 0% used [0x00000000d5580000,0x00000000d5580000,0x00000000f1980000)
  from space 26624K, 74% used [0x00000000f4980000,0x00000000f5cdc7a8,0x00000000f6380000)
  to   space 37888K, 0% used [0x00000000f1980000,0x00000000f1980000,0x00000000f3e80000)
 ParOldGen       total 200192K, used 69560K [0x0000000080000000, 0x000000008c380000, 0x00000000d5580000)
  object space 200192K, 34% used [0x0000000080000000,0x00000000843ee038,0x000000008c380000)
 Metaspace       used 106414K, capacity 111470K, committed 111564K, reserved 1146880K
  class space    used 13754K, capacity 14764K, committed 14848K, reserved 1048576K
}
Event: 284.535 GC heap before
{Heap before GC invocations=29 (full 4):
 PSYoungGen      total 489472K, used 482673K [0x00000000d5580000, 0x00000000f6380000, 0x0000000100000000)
  eden space 462848K, 100% used [0x00000000d5580000,0x00000000f1980000,0x00000000f1980000)
  from space 26624K, 74% used [0x00000000f4980000,0x00000000f5cdc7a8,0x00000000f6380000)
  to   space 37888K, 0% used [0x00000000f1980000,0x00000000f1980000,0x00000000f3e80000)
 ParOldGen       total 200192K, used 69560K [0x0000000080000000, 0x000000008c380000, 0x00000000d5580000)
  object space 200192K, 34% used [0x0000000080000000,0x00000000843ee038,0x000000008c380000)
 Metaspace       used 110701K, capacity 115982K, committed 116172K, reserved 1150976K
  class space    used 14278K, capacity 15306K, committed 15360K, reserved 1048576K
Event: 284.606 GC heap after
Heap after GC invocations=29 (full 4):
 PSYoungGen      total 500736K, used 37227K [0x00000000d5580000, 0x00000000f6380000, 0x0000000100000000)
  eden space 462848K, 0% used [0x00000000d5580000,0x00000000d5580000,0x00000000f1980000)
  from space 37888K, 98% used [0x00000000f1980000,0x00000000f3ddaf80,0x00000000f3e80000)
  to   space 26624K, 0% used [0x00000000f4980000,0x00000000f4980000,0x00000000f6380000)
 ParOldGen       total 200192K, used 69568K [0x0000000080000000, 0x000000008c380000, 0x00000000d5580000)
  object space 200192K, 34% used [0x0000000080000000,0x00000000843f0038,0x000000008c380000)
 Metaspace       used 110701K, capacity 115982K, committed 116172K, reserved 1150976K
  class space    used 14278K, capacity 15306K, committed 15360K, reserved 1048576K
}
Event: 286.232 GC heap before
{Heap before GC invocations=30 (full 4):
 PSYoungGen      total 500736K, used 500075K [0x00000000d5580000, 0x00000000f6380000, 0x0000000100000000)
  eden space 462848K, 100% used [0x00000000d5580000,0x00000000f1980000,0x00000000f1980000)
  from space 37888K, 98% used [0x00000000f1980000,0x00000000f3ddaf80,0x00000000f3e80000)
  to   space 26624K, 0% used [0x00000000f4980000,0x00000000f4980000,0x00000000f6380000)
 ParOldGen       total 200192K, used 69568K [0x0000000080000000, 0x000000008c380000, 0x00000000d5580000)
  object space 200192K, 34% used [0x0000000080000000,0x00000000843f0038,0x000000008c380000)
 Metaspace       used 111847K, capacity 117204K, committed 117324K, reserved 1150976K
  class space    used 14397K, capacity 15477K, committed 15488K, reserved 1048576K
Event: 286.284 GC heap after
Heap after GC invocations=30 (full 4):
 PSYoungGen      total 489472K, used 26623K [0x00000000d5580000, 0x00000000f6380000, 0x0000000100000000)
  eden space 462848K, 0% used [0x00000000d5580000,0x00000000d5580000,0x00000000f1980000)
  from space 26624K, 99% used [0x00000000f4980000,0x00000000f637ffd0,0x00000000f6380000)
  to   space 37888K, 0% used [0x00000000f1980000,0x00000000f1980000,0x00000000f3e80000)
 ParOldGen       total 200192K, used 93058K [0x0000000080000000, 0x000000008c380000, 0x00000000d5580000)
  object space 200192K, 46% used [0x0000000080000000,0x0000000085ae0ba8,0x000000008c380000)
 Metaspace       used 111847K, capacity 117204K, committed 117324K, reserved 1150976K
  class space    used 14397K, capacity 15477K, committed 15488K, reserved 1048576K
}
Event: 290.984 GC heap before
{Heap before GC invocations=31 (full 4):
 PSYoungGen      total 489472K, used 489471K [0x00000000d5580000, 0x00000000f6380000, 0x0000000100000000)
  eden space 462848K, 100% used [0x00000000d5580000,0x00000000f1980000,0x00000000f1980000)
  from space 26624K, 99% used [0x00000000f4980000,0x00000000f637ffd0,0x00000000f6380000)
  to   space 37888K, 0% used [0x00000000f1980000,0x00000000f1980000,0x00000000f3e80000)
 ParOldGen       total 200192K, used 93058K [0x0000000080000000, 0x000000008c380000, 0x00000000d5580000)
  object space 200192K, 46% used [0x0000000080000000,0x0000000085ae0ba8,0x000000008c380000)
 Metaspace       used 131380K, capacity 137946K, committed 138060K, reserved 1169408K
  class space    used 16755K, capacity 18030K, committed 18048K, reserved 1048576K
Event: 291.141 GC heap after
Heap after GC invocations=31 (full 4):
 PSYoungGen      total 500736K, used 37887K [0x00000000d5580000, 0x00000000f6380000, 0x0000000100000000)
  eden space 462848K, 0% used [0x00000000d5580000,0x00000000d5580000,0x00000000f1980000)
  from space 37888K, 99% used [0x00000000f1980000,0x00000000f3e7fe60,0x00000000f3e80000)
  to   space 26624K, 0% used [0x00000000f4980000,0x00000000f4980000,0x00000000f6380000)
 ParOldGen       total 200192K, used 168672K [0x0000000080000000, 0x000000008c380000, 0x00000000d5580000)
  object space 200192K, 84% used [0x0000000080000000,0x000000008a4b82f0,0x000000008c380000)
 Metaspace       used 131380K, capacity 137946K, committed 138060K, reserved 1169408K
  class space    used 16755K, capacity 18030K, committed 18048K, reserved 1048576K
}
Event: 291.141 GC heap before
{Heap before GC invocations=32 (full 5):
 PSYoungGen      total 500736K, used 37887K [0x00000000d5580000, 0x00000000f6380000, 0x0000000100000000)
  eden space 462848K, 0% used [0x00000000d5580000,0x00000000d5580000,0x00000000f1980000)
  from space 37888K, 99% used [0x00000000f1980000,0x00000000f3e7fe60,0x00000000f3e80000)
  to   space 26624K, 0% used [0x00000000f4980000,0x00000000f4980000,0x00000000f6380000)
 ParOldGen       total 200192K, used 168672K [0x0000000080000000, 0x000000008c380000, 0x00000000d5580000)
  object space 200192K, 84% used [0x0000000080000000,0x000000008a4b82f0,0x000000008c380000)
 Metaspace       used 131380K, capacity 137946K, committed 138060K, reserved 1169408K
  class space    used 16755K, capacity 18030K, committed 18048K, reserved 1048576K
Event: 291.732 GC heap after
Heap after GC invocations=32 (full 5):
 PSYoungGen      total 500736K, used 0K [0x00000000d5580000, 0x00000000f6380000, 0x0000000100000000)
  eden space 462848K, 0% used [0x00000000d5580000,0x00000000d5580000,0x00000000f1980000)
  from space 37888K, 0% used [0x00000000f1980000,0x00000000f1980000,0x00000000f3e80000)
  to   space 26624K, 0% used [0x00000000f4980000,0x00000000f4980000,0x00000000f6380000)
 ParOldGen       total 200192K, used 167660K [0x0000000080000000, 0x000000008c380000, 0x00000000d5580000)
  object space 200192K, 83% used [0x0000000080000000,0x000000008a3bb130,0x000000008c380000)
 Metaspace       used 131239K, capacity 137584K, committed 138060K, reserved 1169408K
  class space    used 16707K, capacity 17945K, committed 18048K, reserved 1048576K
}
Event: 293.470 GC heap before
{Heap before GC invocations=33 (full 6):
 PSYoungGen      total 500736K, used 462848K [0x00000000d5580000, 0x00000000f6380000, 0x0000000100000000)
  eden space 462848K, 100% used [0x00000000d5580000,0x00000000f1980000,0x00000000f1980000)
  from space 37888K, 0% used [0x00000000f1980000,0x00000000f1980000,0x00000000f3e80000)
  to   space 26624K, 0% used [0x00000000f4980000,0x00000000f4980000,0x00000000f6380000)
 ParOldGen       total 200192K, used 167660K [0x0000000080000000, 0x000000008c380000, 0x00000000d5580000)
  object space 200192K, 83% used [0x0000000080000000,0x000000008a3bb130,0x000000008c380000)
 Metaspace       used 132102K, capacity 138478K, committed 138956K, reserved 1169408K
  class space    used 16752K, capacity 17988K, committed 18176K, reserved 1048576K

