# JRE version: OpenJDK Runtime Environment (8.0_242-b01) (build 1.8.0_242-release-1644-b01)
# Java VM: OpenJDK 64-Bit Server VM (25.242-b01 mixed mode windows-amd64 compressed oops)
Heap:
 PSYoungGen      total 428544K, used 394240K [0x00000000d5580000, 0x00000000f7f80000, 0x0000000100000000)
  eden space 394240K, 100% used [0x00000000d5580000,0x00000000ed680000,0x00000000ed680000)
  from space 34304K, 0% used [0x00000000ed680000,0x00000000ed680000,0x00000000ef800000)
  to   space 42496K, 0% used [0x00000000f5600000,0x00000000f5600000,0x00000000f7f80000)
 ParOldGen       total 101888K, used 95781K [0x0000000080000000, 0x0000000086380000, 0x00000000d5580000)
  object space 101888K, 94% used [0x0000000080000000,0x0000000085d89428,0x0000000086380000)
 Metaspace       used 107296K, capacity 112054K, committed 112280K, reserved 1146880K
  class space    used 13905K, capacity 14906K, committed 15024K, reserved 1048576K
GC Heap History (10 events):
Event: 23.651 GC heap before
{Heap before GC invocations=17 (full 3):
 PSYoungGen      total 275456K, used 274035K [0x00000000d5580000, 0x00000000ec880000, 0x0000000100000000)
  eden space 254464K, 100% used [0x00000000d5580000,0x00000000e4e00000,0x00000000e4e00000)
  from space 20992K, 93% used [0x00000000e4e00000,0x00000000e611ce00,0x00000000e6280000)
  to   space 23552K, 0% used [0x00000000eb180000,0x00000000eb180000,0x00000000ec880000)
 ParOldGen       total 101888K, used 33244K [0x0000000080000000, 0x0000000086380000, 0x00000000d5580000)
  object space 101888K, 32% used [0x0000000080000000,0x00000000820772d0,0x0000000086380000)
 Metaspace       used 73793K, capacity 77090K, committed 77336K, reserved 1116160K
  class space    used 9773K, capacity 10430K, committed 10544K, reserved 1048576K
Event: 23.710 GC heap after
Heap after GC invocations=17 (full 3):
 PSYoungGen      total 347648K, used 23551K [0x00000000d5580000, 0x00000000ed380000, 0x0000000100000000)
  eden space 324096K, 0% used [0x00000000d5580000,0x00000000d5580000,0x00000000e9200000)
  from space 23552K, 99% used [0x00000000eb180000,0x00000000ec87ff58,0x00000000ec880000)
  to   space 32256K, 0% used [0x00000000e9200000,0x00000000e9200000,0x00000000eb180000)
 ParOldGen       total 101888K, used 46542K [0x0000000080000000, 0x0000000086380000, 0x00000000d5580000)
  object space 101888K, 45% used [0x0000000080000000,0x0000000082d73a20,0x0000000086380000)
 Metaspace       used 73793K, capacity 77090K, committed 77336K, reserved 1116160K
  class space    used 9773K, capacity 10430K, committed 10544K, reserved 1048576K
}
Event: 28.718 GC heap before
{Heap before GC invocations=18 (full 3):
 PSYoungGen      total 347648K, used 347647K [0x00000000d5580000, 0x00000000ed380000, 0x0000000100000000)
  eden space 324096K, 100% used [0x00000000d5580000,0x00000000e9200000,0x00000000e9200000)
  from space 23552K, 99% used [0x00000000eb180000,0x00000000ec87ff58,0x00000000ec880000)
  to   space 32256K, 0% used [0x00000000e9200000,0x00000000e9200000,0x00000000eb180000)
 ParOldGen       total 101888K, used 46542K [0x0000000080000000, 0x0000000086380000, 0x00000000d5580000)
  object space 101888K, 45% used [0x0000000080000000,0x0000000082d73a20,0x0000000086380000)
 Metaspace       used 82208K, capacity 85678K, committed 85912K, reserved 1124352K
  class space    used 10709K, capacity 11384K, committed 11440K, reserved 1048576K
Event: 28.750 GC heap after
Heap after GC invocations=18 (full 3):
 PSYoungGen      total 356352K, used 10797K [0x00000000d5580000, 0x00000000f1c80000, 0x0000000100000000)
  eden space 324096K, 0% used [0x00000000d5580000,0x00000000d5580000,0x00000000e9200000)
  from space 32256K, 33% used [0x00000000e9200000,0x00000000e9c8b4d8,0x00000000eb180000)
  to   space 30720K, 0% used [0x00000000efe80000,0x00000000efe80000,0x00000000f1c80000)
 ParOldGen       total 101888K, used 63307K [0x0000000080000000, 0x0000000086380000, 0x00000000d5580000)
  object space 101888K, 62% used [0x0000000080000000,0x0000000083dd2c08,0x0000000086380000)
 Metaspace       used 82208K, capacity 85678K, committed 85912K, reserved 1124352K
  class space    used 10709K, capacity 11384K, committed 11440K, reserved 1048576K
}
Event: 34.805 GC heap before
{Heap before GC invocations=19 (full 3):
 PSYoungGen      total 356352K, used 334893K [0x00000000d5580000, 0x00000000f1c80000, 0x0000000100000000)
  eden space 324096K, 100% used [0x00000000d5580000,0x00000000e9200000,0x00000000e9200000)
  from space 32256K, 33% used [0x00000000e9200000,0x00000000e9c8b4d8,0x00000000eb180000)
  to   space 30720K, 0% used [0x00000000efe80000,0x00000000efe80000,0x00000000f1c80000)
 ParOldGen       total 101888K, used 63307K [0x0000000080000000, 0x0000000086380000, 0x00000000d5580000)
  object space 101888K, 62% used [0x0000000080000000,0x0000000083dd2c08,0x0000000086380000)
 Metaspace       used 93321K, capacity 97222K, committed 97304K, reserved 1134592K
  class space    used 12063K, capacity 12816K, committed 12848K, reserved 1048576K
Event: 34.839 GC heap after
Heap after GC invocations=19 (full 3):
 PSYoungGen      total 421888K, used 27420K [0x00000000d5580000, 0x00000000f1980000, 0x0000000100000000)
  eden space 394240K, 0% used [0x00000000d5580000,0x00000000d5580000,0x00000000ed680000)
  from space 27648K, 99% used [0x00000000efe80000,0x00000000f1947338,0x00000000f1980000)
  to   space 34304K, 0% used [0x00000000ed680000,0x00000000ed680000,0x00000000ef800000)
 ParOldGen       total 101888K, used 63315K [0x0000000080000000, 0x0000000086380000, 0x00000000d5580000)
  object space 101888K, 62% used [0x0000000080000000,0x0000000083dd4c08,0x0000000086380000)
 Metaspace       used 93321K, capacity 97222K, committed 97304K, reserved 1134592K
  class space    used 12063K, capacity 12816K, committed 12848K, reserved 1048576K
}
Event: 35.049 GC heap before
{Heap before GC invocations=20 (full 3):
 PSYoungGen      total 421888K, used 104966K [0x00000000d5580000, 0x00000000f1980000, 0x0000000100000000)
  eden space 394240K, 19% used [0x00000000d5580000,0x00000000da13a820,0x00000000ed680000)
  from space 27648K, 99% used [0x00000000efe80000,0x00000000f1947338,0x00000000f1980000)
  to   space 34304K, 0% used [0x00000000ed680000,0x00000000ed680000,0x00000000ef800000)
 ParOldGen       total 101888K, used 63315K [0x0000000080000000, 0x0000000086380000, 0x00000000d5580000)
  object space 101888K, 62% used [0x0000000080000000,0x0000000083dd4c08,0x0000000086380000)
 Metaspace       used 94557K, capacity 98442K, committed 98584K, reserved 1134592K
  class space    used 12203K, capacity 12984K, committed 13104K, reserved 1048576K
Event: 35.086 GC heap after
Heap after GC invocations=20 (full 3):
 PSYoungGen      total 428544K, used 34284K [0x00000000d5580000, 0x00000000f7f80000, 0x0000000100000000)
  eden space 394240K, 0% used [0x00000000d5580000,0x00000000d5580000,0x00000000ed680000)
  from space 34304K, 99% used [0x00000000ed680000,0x00000000ef7fb258,0x00000000ef800000)
  to   space 42496K, 0% used [0x00000000f5600000,0x00000000f5600000,0x00000000f7f80000)
 ParOldGen       total 101888K, used 70320K [0x0000000080000000, 0x0000000086380000, 0x00000000d5580000)
  object space 101888K, 69% used [0x0000000080000000,0x00000000844ac1d8,0x0000000086380000)
 Metaspace       used 94557K, capacity 98442K, committed 98584K, reserved 1134592K
  class space    used 12203K, capacity 12984K, committed 13104K, reserved 1048576K
}
Event: 35.086 GC heap before
{Heap before GC invocations=21 (full 4):
 PSYoungGen      total 428544K, used 34284K [0x00000000d5580000, 0x00000000f7f80000, 0x0000000100000000)
  eden space 394240K, 0% used [0x00000000d5580000,0x00000000d5580000,0x00000000ed680000)
  from space 34304K, 99% used [0x00000000ed680000,0x00000000ef7fb258,0x00000000ef800000)
  to   space 42496K, 0% used [0x00000000f5600000,0x00000000f5600000,0x00000000f7f80000)
 ParOldGen       total 101888K, used 70320K [0x0000000080000000, 0x0000000086380000, 0x00000000d5580000)
  object space 101888K, 69% used [0x0000000080000000,0x00000000844ac1d8,0x0000000086380000)
 Metaspace       used 94557K, capacity 98442K, committed 98584K, reserved 1134592K
  class space    used 12203K, capacity 12984K, committed 13104K, reserved 1048576K
Event: 35.482 GC heap after
Heap after GC invocations=21 (full 4):
 PSYoungGen      total 428544K, used 0K [0x00000000d5580000, 0x00000000f7f80000, 0x0000000100000000)
  eden space 394240K, 0% used [0x00000000d5580000,0x00000000d5580000,0x00000000ed680000)
  from space 34304K, 0% used [0x00000000ed680000,0x00000000ed680000,0x00000000ef800000)
  to   space 42496K, 0% used [0x00000000f5600000,0x00000000f5600000,0x00000000f7f80000)
 ParOldGen       total 101888K, used 95781K [0x0000000080000000, 0x0000000086380000, 0x00000000d5580000)
  object space 101888K, 94% used [0x0000000080000000,0x0000000085d89428,0x0000000086380000)
 Metaspace       used 94517K, capacity 98330K, committed 98584K, reserved 1134592K
  class space    used 12190K, capacity 12962K, committed 13104K, reserved 1048576K
}

