# JRE version: OpenJDK Runtime Environment (8.0_242-b01) (build 1.8.0_242-release-1644-b01)
# Java VM: OpenJDK 64-Bit Server VM (25.242-b01 mixed mode windows-amd64 compressed oops)
Heap:
 PSYoungGen      total 363520K, used 351480K [0x00000000d5580000, 0x00000000f2d00000, 0x0000000100000000)
  eden space 292864K, 95% used [0x00000000d5580000,0x00000000e67bf600,0x00000000e7380000)
  from space 70656K, 99% used [0x00000000ec500000,0x00000000f09fec10,0x00000000f0a00000)
  to   space 83456K, 0% used [0x00000000e7380000,0x00000000e7380000,0x00000000ec500000)
 ParOldGen       total 328192K, used 185662K [0x0000000080000000, 0x0000000094080000, 0x00000000d5580000)
  object space 328192K, 56% used [0x0000000080000000,0x000000008b54fa30,0x0000000094080000)
 Metaspace       used 97135K, capacity 101336K, committed 101784K, reserved 1136640K
  class space    used 12767K, capacity 13633K, committed 13744K, reserved 1048576K
GC Heap History (10 events):
Event: 20.435 GC heap before
{Heap before GC invocations=22 (full 4):
 PSYoungGen      total 278528K, used 53753K [0x00000000d5580000, 0x00000000ee280000, 0x0000000100000000)
  eden space 224768K, 0% used [0x00000000d5580000,0x00000000d5580000,0x00000000e3100000)
  from space 53760K, 99% used [0x00000000e7c80000,0x00000000eb0fe608,0x00000000eb100000)
  to   space 77312K, 0% used [0x00000000e3100000,0x00000000e3100000,0x00000000e7c80000)
 ParOldGen       total 152576K, used 152106K [0x0000000080000000, 0x0000000089500000, 0x00000000d5580000)
  object space 152576K, 99% used [0x0000000080000000,0x000000008948a9d8,0x0000000089500000)
 Metaspace       used 94200K, capacity 98428K, committed 98600K, reserved 1134592K
  class space    used 12521K, capacity 13375K, committed 13488K, reserved 1048576K
Event: 21.214 GC heap after
Heap after GC invocations=22 (full 4):
 PSYoungGen      total 278528K, used 32655K [0x00000000d5580000, 0x00000000ee280000, 0x0000000100000000)
  eden space 224768K, 0% used [0x00000000d5580000,0x00000000d5580000,0x00000000e3100000)
  from space 53760K, 60% used [0x00000000e7c80000,0x00000000e9c63d58,0x00000000eb100000)
  to   space 77312K, 0% used [0x00000000e3100000,0x00000000e3100000,0x00000000e7c80000)
 ParOldGen       total 328192K, used 152197K [0x0000000080000000, 0x0000000094080000, 0x00000000d5580000)
  object space 328192K, 46% used [0x0000000080000000,0x00000000894a1748,0x0000000094080000)
 Metaspace       used 94047K, capacity 98036K, committed 98600K, reserved 1134592K
  class space    used 12467K, capacity 13279K, committed 13488K, reserved 1048576K
}
Event: 22.575 GC heap before
{Heap before GC invocations=23 (full 4):
 PSYoungGen      total 278528K, used 257423K [0x00000000d5580000, 0x00000000ee280000, 0x0000000100000000)
  eden space 224768K, 100% used [0x00000000d5580000,0x00000000e3100000,0x00000000e3100000)
  from space 53760K, 60% used [0x00000000e7c80000,0x00000000e9c63d58,0x00000000eb100000)
  to   space 77312K, 0% used [0x00000000e3100000,0x00000000e3100000,0x00000000e7c80000)
 ParOldGen       total 328192K, used 152197K [0x0000000080000000, 0x0000000094080000, 0x00000000d5580000)
  object space 328192K, 46% used [0x0000000080000000,0x00000000894a1748,0x0000000094080000)
 Metaspace       used 96012K, capacity 100094K, committed 100760K, reserved 1136640K
  class space    used 12692K, capacity 13544K, committed 13744K, reserved 1048576K
Event: 22.678 GC heap after
Heap after GC invocations=23 (full 4):
 PSYoungGen      total 302080K, used 7939K [0x00000000d5580000, 0x00000000eeb80000, 0x0000000100000000)
  eden space 224768K, 0% used [0x00000000d5580000,0x00000000d5580000,0x00000000e3100000)
  from space 77312K, 10% used [0x00000000e3100000,0x00000000e38c0cc0,0x00000000e7c80000)
  to   space 76288K, 0% used [0x00000000ea100000,0x00000000ea100000,0x00000000eeb80000)
 ParOldGen       total 328192K, used 185229K [0x0000000080000000, 0x0000000094080000, 0x00000000d5580000)
  object space 328192K, 56% used [0x0000000080000000,0x000000008b4e3768,0x0000000094080000)
 Metaspace       used 96012K, capacity 100094K, committed 100760K, reserved 1136640K
  class space    used 12692K, capacity 13544K, committed 13744K, reserved 1048576K
}
Event: 23.596 GC heap before
{Heap before GC invocations=24 (full 4):
 PSYoungGen      total 302080K, used 232707K [0x00000000d5580000, 0x00000000eeb80000, 0x0000000100000000)
  eden space 224768K, 100% used [0x00000000d5580000,0x00000000e3100000,0x00000000e3100000)
  from space 77312K, 10% used [0x00000000e3100000,0x00000000e38c0cc0,0x00000000e7c80000)
  to   space 76288K, 0% used [0x00000000ea100000,0x00000000ea100000,0x00000000eeb80000)
 ParOldGen       total 328192K, used 185229K [0x0000000080000000, 0x0000000094080000, 0x00000000d5580000)
  object space 328192K, 56% used [0x0000000080000000,0x000000008b4e3768,0x0000000094080000)
 Metaspace       used 96520K, capacity 100632K, committed 101016K, reserved 1136640K
  class space    used 12730K, capacity 13583K, committed 13744K, reserved 1048576K
Event: 23.626 GC heap after
Heap after GC invocations=24 (full 4):
 PSYoungGen      total 333312K, used 10122K [0x00000000d5580000, 0x00000000ee600000, 0x0000000100000000)
  eden space 262656K, 0% used [0x00000000d5580000,0x00000000d5580000,0x00000000e5600000)
  from space 70656K, 14% used [0x00000000ea100000,0x00000000eaae2990,0x00000000ee600000)
  to   space 73728K, 0% used [0x00000000e5600000,0x00000000e5600000,0x00000000e9e00000)
 ParOldGen       total 328192K, used 185237K [0x0000000080000000, 0x0000000094080000, 0x00000000d5580000)
  object space 328192K, 56% used [0x0000000080000000,0x000000008b4e5768,0x0000000094080000)
 Metaspace       used 96520K, capacity 100632K, committed 101016K, reserved 1136640K
  class space    used 12730K, capacity 13583K, committed 13744K, reserved 1048576K
}
Event: 24.781 GC heap before
{Heap before GC invocations=25 (full 4):
 PSYoungGen      total 333312K, used 272778K [0x00000000d5580000, 0x00000000ee600000, 0x0000000100000000)
  eden space 262656K, 100% used [0x00000000d5580000,0x00000000e5600000,0x00000000e5600000)
  from space 70656K, 14% used [0x00000000ea100000,0x00000000eaae2990,0x00000000ee600000)
  to   space 73728K, 0% used [0x00000000e5600000,0x00000000e5600000,0x00000000e9e00000)
 ParOldGen       total 328192K, used 185237K [0x0000000080000000, 0x0000000094080000, 0x00000000d5580000)
  object space 328192K, 56% used [0x0000000080000000,0x000000008b4e5768,0x0000000094080000)
 Metaspace       used 96666K, capacity 100714K, committed 101272K, reserved 1136640K
  class space    used 12740K, capacity 13588K, committed 13744K, reserved 1048576K
Event: 24.815 GC heap after
Heap after GC invocations=25 (full 4):
 PSYoungGen      total 336384K, used 14280K [0x00000000d5580000, 0x00000000f0a00000, 0x0000000100000000)
  eden space 262656K, 0% used [0x00000000d5580000,0x00000000d5580000,0x00000000e5600000)
  from space 73728K, 19% used [0x00000000e5600000,0x00000000e63f2198,0x00000000e9e00000)
  to   space 70656K, 0% used [0x00000000ec500000,0x00000000ec500000,0x00000000f0a00000)
 ParOldGen       total 328192K, used 185237K [0x0000000080000000, 0x0000000094080000, 0x00000000d5580000)
  object space 328192K, 56% used [0x0000000080000000,0x000000008b4e5768,0x0000000094080000)
 Metaspace       used 96666K, capacity 100714K, committed 101272K, reserved 1136640K
  class space    used 12740K, capacity 13588K, committed 13744K, reserved 1048576K
}
Event: 25.662 GC heap before
{Heap before GC invocations=26 (full 4):
 PSYoungGen      total 336384K, used 276936K [0x00000000d5580000, 0x00000000f0a00000, 0x0000000100000000)
  eden space 262656K, 100% used [0x00000000d5580000,0x00000000e5600000,0x00000000e5600000)
  from space 73728K, 19% used [0x00000000e5600000,0x00000000e63f2198,0x00000000e9e00000)
  to   space 70656K, 0% used [0x00000000ec500000,0x00000000ec500000,0x00000000f0a00000)
 ParOldGen       total 328192K, used 185237K [0x0000000080000000, 0x0000000094080000, 0x00000000d5580000)
  object space 328192K, 56% used [0x0000000080000000,0x000000008b4e5768,0x0000000094080000)
 Metaspace       used 96988K, capacity 101090K, committed 101528K, reserved 1136640K
  class space    used 12756K, capacity 13622K, committed 13744K, reserved 1048576K
Event: 25.756 GC heap after
Heap after GC invocations=26 (full 4):
 PSYoungGen      total 363520K, used 70651K [0x00000000d5580000, 0x00000000f2d00000, 0x0000000100000000)
  eden space 292864K, 0% used [0x00000000d5580000,0x00000000d5580000,0x00000000e7380000)
  from space 70656K, 99% used [0x00000000ec500000,0x00000000f09fec10,0x00000000f0a00000)
  to   space 83456K, 0% used [0x00000000e7380000,0x00000000e7380000,0x00000000ec500000)
 ParOldGen       total 328192K, used 185662K [0x0000000080000000, 0x0000000094080000, 0x00000000d5580000)
  object space 328192K, 56% used [0x0000000080000000,0x000000008b54fa30,0x0000000094080000)
 Metaspace       used 96988K, capacity 101090K, committed 101528K, reserved 1136640K
  class space    used 12756K, capacity 13622K, committed 13744K, reserved 1048576K
}

