# JRE version: OpenJDK Runtime Environment (8.0_242-b01) (build 1.8.0_242-release-1644-b01)
# Java VM: OpenJDK 64-Bit Server VM (25.242-b01 mixed mode windows-amd64 compressed oops)
Heap:
 PSYoungGen      total 313856K, used 252985K [0x00000000d5580000, 0x00000000ed300000, 0x0000000100000000)
  eden space 281088K, 78% used [0x00000000d5580000,0x00000000e2c910d8,0x00000000e6800000)
  from space 32768K, 99% used [0x00000000eb300000,0x00000000ed2fd668,0x00000000ed300000)
  to   space 28672K, 0% used [0x00000000e6800000,0x00000000e6800000,0x00000000e8400000)
 ParOldGen       total 212480K, used 132799K [0x0000000080000000, 0x000000008cf80000, 0x00000000d5580000)
  object space 212480K, 62% used [0x0000000080000000,0x00000000881afec0,0x000000008cf80000)
 Metaspace       used 108973K, capacity 113504K, committed 113704K, reserved 1148928K
  class space    used 13935K, capacity 14875K, committed 14896K, reserved 1048576K
GC Heap History (10 events):
Event: 21.556 GC heap before
{Heap before GC invocations=18 (full 3):
 PSYoungGen      total 237568K, used 236166K [0x00000000d5580000, 0x00000000e5700000, 0x0000000100000000)
  eden space 221696K, 100% used [0x00000000d5580000,0x00000000e2e00000,0x00000000e2e00000)
  from space 15872K, 91% used [0x00000000e4780000,0x00000000e55a1838,0x00000000e5700000)
  to   space 20992K, 0% used [0x00000000e2e00000,0x00000000e2e00000,0x00000000e4280000)
 ParOldGen       total 126464K, used 39373K [0x0000000080000000, 0x0000000087b80000, 0x00000000d5580000)
  object space 126464K, 31% used [0x0000000080000000,0x0000000082673748,0x0000000087b80000)
 Metaspace       used 77951K, capacity 81462K, committed 81832K, reserved 1120256K
  class space    used 10116K, capacity 10802K, committed 10928K, reserved 1048576K
Event: 21.594 GC heap after
Heap after GC invocations=18 (full 3):
 PSYoungGen      total 242688K, used 20969K [0x00000000d5580000, 0x00000000ea980000, 0x0000000100000000)
  eden space 221696K, 0% used [0x00000000d5580000,0x00000000d5580000,0x00000000e2e00000)
  from space 20992K, 99% used [0x00000000e2e00000,0x00000000e427a4d0,0x00000000e4280000)
  to   space 30208K, 0% used [0x00000000e8c00000,0x00000000e8c00000,0x00000000ea980000)
 ParOldGen       total 126464K, used 55830K [0x0000000080000000, 0x0000000087b80000, 0x00000000d5580000)
  object space 126464K, 44% used [0x0000000080000000,0x0000000083685bf8,0x0000000087b80000)
 Metaspace       used 77951K, capacity 81462K, committed 81832K, reserved 1120256K
  class space    used 10116K, capacity 10802K, committed 10928K, reserved 1048576K
}
Event: 26.262 GC heap before
{Heap before GC invocations=19 (full 3):
 PSYoungGen      total 242688K, used 242665K [0x00000000d5580000, 0x00000000ea980000, 0x0000000100000000)
  eden space 221696K, 100% used [0x00000000d5580000,0x00000000e2e00000,0x00000000e2e00000)
  from space 20992K, 99% used [0x00000000e2e00000,0x00000000e427a4d0,0x00000000e4280000)
  to   space 30208K, 0% used [0x00000000e8c00000,0x00000000e8c00000,0x00000000ea980000)
 ParOldGen       total 126464K, used 55830K [0x0000000080000000, 0x0000000087b80000, 0x00000000d5580000)
  object space 126464K, 44% used [0x0000000080000000,0x0000000083685bf8,0x0000000087b80000)
 Metaspace       used 83881K, capacity 87476K, committed 87592K, reserved 1126400K
  class space    used 10794K, capacity 11509K, committed 11568K, reserved 1048576K
Event: 26.305 GC heap after
Heap after GC invocations=19 (full 3):
 PSYoungGen      total 301568K, used 14533K [0x00000000d5580000, 0x00000000ea000000, 0x0000000100000000)
  eden space 281088K, 0% used [0x00000000d5580000,0x00000000d5580000,0x00000000e6800000)
  from space 20480K, 70% used [0x00000000e8c00000,0x00000000e9a314b8,0x00000000ea000000)
  to   space 28672K, 0% used [0x00000000e6800000,0x00000000e6800000,0x00000000e8400000)
 ParOldGen       total 126464K, used 75171K [0x0000000080000000, 0x0000000087b80000, 0x00000000d5580000)
  object space 126464K, 59% used [0x0000000080000000,0x0000000084968fb8,0x0000000087b80000)
 Metaspace       used 83881K, capacity 87476K, committed 87592K, reserved 1126400K
  class space    used 10794K, capacity 11509K, committed 11568K, reserved 1048576K
}
Event: 36.516 GC heap before
{Heap before GC invocations=20 (full 3):
 PSYoungGen      total 301568K, used 287353K [0x00000000d5580000, 0x00000000ea000000, 0x0000000100000000)
  eden space 281088K, 97% used [0x00000000d5580000,0x00000000e5fed1e8,0x00000000e6800000)
  from space 20480K, 70% used [0x00000000e8c00000,0x00000000e9a314b8,0x00000000ea000000)
  to   space 28672K, 0% used [0x00000000e6800000,0x00000000e6800000,0x00000000e8400000)
 ParOldGen       total 126464K, used 75171K [0x0000000080000000, 0x0000000087b80000, 0x00000000d5580000)
  object space 126464K, 59% used [0x0000000080000000,0x0000000084968fb8,0x0000000087b80000)
 Metaspace       used 94496K, capacity 98510K, committed 98600K, reserved 1134592K
  class space    used 12046K, capacity 12838K, committed 12848K, reserved 1048576K
Event: 36.555 GC heap after
Heap after GC invocations=20 (full 3):
 PSYoungGen      total 309760K, used 28653K [0x00000000d5580000, 0x00000000ed300000, 0x0000000100000000)
  eden space 281088K, 0% used [0x00000000d5580000,0x00000000d5580000,0x00000000e6800000)
  from space 28672K, 99% used [0x00000000e6800000,0x00000000e83fb7d8,0x00000000e8400000)
  to   space 32768K, 0% used [0x00000000eb300000,0x00000000eb300000,0x00000000ed300000)
 ParOldGen       total 126464K, used 75292K [0x0000000080000000, 0x0000000087b80000, 0x00000000d5580000)
  object space 126464K, 59% used [0x0000000080000000,0x0000000084987318,0x0000000087b80000)
 Metaspace       used 94496K, capacity 98510K, committed 98600K, reserved 1134592K
  class space    used 12046K, capacity 12838K, committed 12848K, reserved 1048576K
}
Event: 36.555 GC heap before
{Heap before GC invocations=21 (full 4):
 PSYoungGen      total 309760K, used 28653K [0x00000000d5580000, 0x00000000ed300000, 0x0000000100000000)
  eden space 281088K, 0% used [0x00000000d5580000,0x00000000d5580000,0x00000000e6800000)
  from space 28672K, 99% used [0x00000000e6800000,0x00000000e83fb7d8,0x00000000e8400000)
  to   space 32768K, 0% used [0x00000000eb300000,0x00000000eb300000,0x00000000ed300000)
 ParOldGen       total 126464K, used 75292K [0x0000000080000000, 0x0000000087b80000, 0x00000000d5580000)
  object space 126464K, 59% used [0x0000000080000000,0x0000000084987318,0x0000000087b80000)
 Metaspace       used 94496K, capacity 98510K, committed 98600K, reserved 1134592K
  class space    used 12046K, capacity 12838K, committed 12848K, reserved 1048576K
Event: 36.913 GC heap after
Heap after GC invocations=21 (full 4):
 PSYoungGen      total 309760K, used 0K [0x00000000d5580000, 0x00000000ed300000, 0x0000000100000000)
  eden space 281088K, 0% used [0x00000000d5580000,0x00000000d5580000,0x00000000e6800000)
  from space 28672K, 0% used [0x00000000e6800000,0x00000000e6800000,0x00000000e8400000)
  to   space 32768K, 0% used [0x00000000eb300000,0x00000000eb300000,0x00000000ed300000)
 ParOldGen       total 212480K, used 77382K [0x0000000080000000, 0x000000008cf80000, 0x00000000d5580000)
  object space 212480K, 36% used [0x0000000080000000,0x0000000084b91828,0x000000008cf80000)
 Metaspace       used 94415K, capacity 98272K, committed 98600K, reserved 1134592K
  class space    used 12021K, capacity 12793K, committed 12848K, reserved 1048576K
}
Event: 38.825 GC heap before
{Heap before GC invocations=22 (full 4):
 PSYoungGen      total 309760K, used 281088K [0x00000000d5580000, 0x00000000ed300000, 0x0000000100000000)
  eden space 281088K, 100% used [0x00000000d5580000,0x00000000e6800000,0x00000000e6800000)
  from space 28672K, 0% used [0x00000000e6800000,0x00000000e6800000,0x00000000e8400000)
  to   space 32768K, 0% used [0x00000000eb300000,0x00000000eb300000,0x00000000ed300000)
 ParOldGen       total 212480K, used 77382K [0x0000000080000000, 0x000000008cf80000, 0x00000000d5580000)
  object space 212480K, 36% used [0x0000000080000000,0x0000000084b91828,0x000000008cf80000)
 Metaspace       used 105443K, capacity 109728K, committed 109864K, reserved 1144832K
  class space    used 13473K, capacity 14381K, committed 14384K, reserved 1048576K
Event: 38.919 GC heap after
Heap after GC invocations=22 (full 4):
 PSYoungGen      total 313856K, used 32757K [0x00000000d5580000, 0x00000000ed300000, 0x0000000100000000)
  eden space 281088K, 0% used [0x00000000d5580000,0x00000000d5580000,0x00000000e6800000)
  from space 32768K, 99% used [0x00000000eb300000,0x00000000ed2fd668,0x00000000ed300000)
  to   space 28672K, 0% used [0x00000000e6800000,0x00000000e6800000,0x00000000e8400000)
 ParOldGen       total 212480K, used 132799K [0x0000000080000000, 0x000000008cf80000, 0x00000000d5580000)
  object space 212480K, 62% used [0x0000000080000000,0x00000000881afec0,0x000000008cf80000)
 Metaspace       used 105443K, capacity 109728K, committed 109864K, reserved 1144832K
  class space    used 13473K, capacity 14381K, committed 14384K, reserved 1048576K
}

